# Logfile created on 2014-01-17 15:08:40 +0000 by logger.rb/44203
I, [2014-01-17T15:08:40.106885 #11736]  INFO -- : 0:  dependor (1.0.1) from /usr/local/lib/ruby/gems/2.1.0/specifications/dependor-1.0.1.gemspec
I, [2014-01-17T15:08:41.297278 #11736]  INFO -- : 0:  bogus (0.1.4) from /usr/local/lib/ruby/gems/2.1.0/specifications/bogus-0.1.4.gemspec
I, [2014-01-17T15:08:41.301137 #11736]  INFO -- : 0:  timers (1.1.0) from /usr/local/lib/ruby/gems/2.1.0/specifications/timers-1.1.0.gemspec
I, [2014-01-17T15:08:41.301370 #11736]  INFO -- : 0:  celluloid (0.15.2) from /usr/local/lib/ruby/gems/2.1.0/specifications/celluloid-0.15.2.gemspec
I, [2014-01-17T15:08:41.301554 #11736]  INFO -- : 0:  coderay (1.1.0) from /usr/local/lib/ruby/gems/2.1.0/specifications/coderay-1.1.0.gemspec
I, [2014-01-17T15:08:41.301739 #11736]  INFO -- : 0:  diff-lcs (1.2.5) from /usr/local/lib/ruby/gems/2.1.0/specifications/diff-lcs-1.2.5.gemspec
I, [2014-01-17T15:08:41.301917 #11736]  INFO -- : 0:  ffi (1.9.3) from /usr/local/lib/ruby/gems/2.1.0/specifications/ffi-1.9.3.gemspec
I, [2014-01-17T15:08:41.302100 #11736]  INFO -- : 0:  formatador (0.2.4) from /usr/local/lib/ruby/gems/2.1.0/specifications/formatador-0.2.4.gemspec
I, [2014-01-17T15:08:41.302282 #11736]  INFO -- : 0:  rb-fsevent (0.9.4) from /usr/local/lib/ruby/gems/2.1.0/specifications/rb-fsevent-0.9.4.gemspec
I, [2014-01-17T15:08:41.302514 #11736]  INFO -- : 0:  rb-inotify (0.9.3) from /usr/local/lib/ruby/gems/2.1.0/specifications/rb-inotify-0.9.3.gemspec
I, [2014-01-17T15:08:41.302692 #11736]  INFO -- : 0:  listen (2.4.0) from /usr/local/lib/ruby/gems/2.1.0/specifications/listen-2.4.0.gemspec
I, [2014-01-17T15:08:41.302856 #11736]  INFO -- : 0:  lumberjack (1.0.4) from /usr/local/lib/ruby/gems/2.1.0/specifications/lumberjack-1.0.4.gemspec
I, [2014-01-17T15:08:41.303038 #11736]  INFO -- : 0:  method_source (0.8.2) from /usr/local/lib/ruby/gems/2.1.0/specifications/method_source-0.8.2.gemspec
I, [2014-01-17T15:08:41.303217 #11736]  INFO -- : 0:  slop (3.4.7) from /usr/local/lib/ruby/gems/2.1.0/specifications/slop-3.4.7.gemspec
I, [2014-01-17T15:08:41.303377 #11736]  INFO -- : 0:  pry (0.9.12.4) from /usr/local/lib/ruby/gems/2.1.0/specifications/pry-0.9.12.4.gemspec
I, [2014-01-17T15:08:41.303565 #11736]  INFO -- : 0:  thor (0.18.1) from /usr/local/lib/ruby/gems/2.1.0/specifications/thor-0.18.1.gemspec
I, [2014-01-17T15:08:41.303730 #11736]  INFO -- : 0:  guard (2.2.5) from /usr/local/lib/ruby/gems/2.1.0/specifications/guard-2.2.5.gemspec
I, [2014-01-17T15:08:41.303894 #11736]  INFO -- : 0:  rspec-core (2.14.7) from /usr/local/lib/ruby/gems/2.1.0/specifications/rspec-core-2.14.7.gemspec
I, [2014-01-17T15:08:41.304049 #11736]  INFO -- : 0:  rspec-expectations (2.14.4) from /usr/local/lib/ruby/gems/2.1.0/specifications/rspec-expectations-2.14.4.gemspec
I, [2014-01-17T15:08:41.304209 #11736]  INFO -- : 0:  rspec-mocks (2.14.4) from /usr/local/lib/ruby/gems/2.1.0/specifications/rspec-mocks-2.14.4.gemspec
I, [2014-01-17T15:08:41.304364 #11736]  INFO -- : 0:  rspec (2.14.1) from /usr/local/lib/ruby/gems/2.1.0/specifications/rspec-2.14.1.gemspec
I, [2014-01-17T15:08:41.304548 #11736]  INFO -- : 0:  guard-rspec (4.2.4) from /usr/local/lib/ruby/gems/2.1.0/specifications/guard-rspec-4.2.4.gemspec
I, [2014-01-17T15:08:41.304741 #11736]  INFO -- : 0:  mime-types (2.0) from /usr/local/lib/ruby/gems/2.1.0/specifications/mime-types-2.0.gemspec
I, [2014-01-17T15:08:42.732988 #11736]  INFO -- : 0:  net-ssh (2.7.0) from /usr/local/lib/ruby/gems/2.1.0/specifications/net-ssh-2.7.0.gemspec
I, [2014-01-17T15:08:43.988646 #11736]  INFO -- : 0:  net-sftp (2.1.2) from /usr/local/lib/ruby/gems/2.1.0/specifications/net-sftp-2.1.2.gemspec
I, [2014-01-17T15:08:45.037694 #11736]  INFO -- : 0:  pry-nav (0.2.3) from /usr/local/lib/ruby/gems/2.1.0/specifications/pry-nav-0.2.3.gemspec
I, [2014-01-17T15:08:45.038809 #11736]  INFO -- : 0:  rest-client (1.6.7) from /usr/local/lib/ruby/gems/2.1.0/specifications/rest-client-1.6.7.gemspec
I, [2014-01-17T15:08:46.230913 #11736]  INFO -- : 0:  rr (1.1.2) from /usr/local/lib/ruby/gems/2.1.0/specifications/rr-1.1.2.gemspec
I, [2014-01-17T15:08:46.238467 #11736]  INFO -- : 0:  bundler (1.5.1) from /usr/local/lib/ruby/gems/2.1.0/specifications/bundler-1.5.1.gemspec
I, [2014-02-24T23:45:26.129978 #25597]  INFO -- : 0:  dependor (1.0.1) from /usr/local/lib/ruby/gems/2.1.0/specifications/dependor-1.0.1.gemspec
I, [2014-02-24T23:45:26.160795 #25597]  INFO -- : 0:  bogus (0.1.4) from /usr/local/lib/ruby/gems/2.1.0/specifications/bogus-0.1.4.gemspec
I, [2014-02-24T23:45:26.160990 #25597]  INFO -- : 0:  timers (1.1.0) from /usr/local/lib/ruby/gems/2.1.0/specifications/timers-1.1.0.gemspec
I, [2014-02-24T23:45:26.161133 #25597]  INFO -- : 0:  celluloid (0.15.2) from /usr/local/lib/ruby/gems/2.1.0/specifications/celluloid-0.15.2.gemspec
I, [2014-02-24T23:45:30.366285 #25597]  INFO -- : 0:  nio4r (1.0.0) from /usr/local/lib/ruby/gems/2.1.0/specifications/nio4r-1.0.0.gemspec
I, [2014-02-24T23:45:32.226836 #25597]  INFO -- : 0:  celluloid-io (0.15.0) from /usr/local/lib/ruby/gems/2.1.0/specifications/celluloid-io-0.15.0.gemspec
I, [2014-02-24T23:45:32.227116 #25597]  INFO -- : 0:  coderay (1.1.0) from /usr/local/lib/ruby/gems/2.1.0/specifications/coderay-1.1.0.gemspec
I, [2014-02-24T23:45:32.227330 #25597]  INFO -- : 0:  diff-lcs (1.2.5) from /usr/local/lib/ruby/gems/2.1.0/specifications/diff-lcs-1.2.5.gemspec
I, [2014-02-24T23:45:32.227481 #25597]  INFO -- : 0:  eventmachine (1.0.3) from /usr/local/lib/ruby/gems/2.1.0/specifications/eventmachine-1.0.3.gemspec
I, [2014-02-24T23:45:32.227614 #25597]  INFO -- : 0:  ffi (1.9.3) from /usr/local/lib/ruby/gems/2.1.0/specifications/ffi-1.9.3.gemspec
I, [2014-02-24T23:45:32.227757 #25597]  INFO -- : 0:  formatador (0.2.4) from /usr/local/lib/ruby/gems/2.1.0/specifications/formatador-0.2.4.gemspec
I, [2014-02-24T23:45:32.227899 #25597]  INFO -- : 0:  rb-fsevent (0.9.4) from /usr/local/lib/ruby/gems/2.1.0/specifications/rb-fsevent-0.9.4.gemspec
I, [2014-02-24T23:45:32.228041 #25597]  INFO -- : 0:  rb-inotify (0.9.3) from /usr/local/lib/ruby/gems/2.1.0/specifications/rb-inotify-0.9.3.gemspec
I, [2014-02-24T23:45:34.085600 #25597]  INFO -- : 0:  listen (2.6.0) from /usr/local/lib/ruby/gems/2.1.0/specifications/listen-2.6.0.gemspec
I, [2014-02-24T23:45:34.085831 #25597]  INFO -- : 0:  lumberjack (1.0.4) from /usr/local/lib/ruby/gems/2.1.0/specifications/lumberjack-1.0.4.gemspec
I, [2014-02-24T23:45:34.085996 #25597]  INFO -- : 0:  method_source (0.8.2) from /usr/local/lib/ruby/gems/2.1.0/specifications/method_source-0.8.2.gemspec
I, [2014-02-24T23:45:34.086155 #25597]  INFO -- : 0:  slop (3.4.7) from /usr/local/lib/ruby/gems/2.1.0/specifications/slop-3.4.7.gemspec
I, [2014-02-24T23:45:35.258364 #25597]  INFO -- : 0:  pry (0.9.12.6) from /usr/local/lib/ruby/gems/2.1.0/specifications/pry-0.9.12.6.gemspec
I, [2014-02-24T23:45:35.258635 #25597]  INFO -- : 0:  thor (0.18.1) from /usr/local/lib/ruby/gems/2.1.0/specifications/thor-0.18.1.gemspec
I, [2014-02-24T23:45:38.818875 #25597]  INFO -- : 0:  guard (2.5.1) from /usr/local/lib/ruby/gems/2.1.0/specifications/guard-2.5.1.gemspec
I, [2014-02-24T23:45:38.819136 #25597]  INFO -- : 0:  rspec-core (2.14.7) from /usr/local/lib/ruby/gems/2.1.0/specifications/rspec-core-2.14.7.gemspec
I, [2014-02-24T23:45:40.361248 #25597]  INFO -- : 0:  rspec-expectations (2.14.5) from /usr/local/lib/ruby/gems/2.1.0/specifications/rspec-expectations-2.14.5.gemspec
I, [2014-02-24T23:45:42.511404 #25597]  INFO -- : 0:  rspec-mocks (2.14.6) from /usr/local/lib/ruby/gems/2.1.0/specifications/rspec-mocks-2.14.6.gemspec
I, [2014-02-24T23:45:42.511683 #25597]  INFO -- : 0:  rspec (2.14.1) from /usr/local/lib/ruby/gems/2.1.0/specifications/rspec-2.14.1.gemspec
I, [2014-02-24T23:45:44.652761 #25597]  INFO -- : 0:  guard-rspec (4.2.7) from /usr/local/lib/ruby/gems/2.1.0/specifications/guard-rspec-4.2.7.gemspec
I, [2014-02-24T23:45:44.653017 #25597]  INFO -- : 0:  mime-types (2.1) from /usr/local/lib/ruby/gems/2.1.0/specifications/mime-types-2.1.gemspec
I, [2014-02-24T23:45:47.177876 #25597]  INFO -- : 0:  net-ssh (2.8.0) from /usr/local/lib/ruby/gems/2.1.0/specifications/net-ssh-2.8.0.gemspec
I, [2014-02-24T23:45:47.178173 #25597]  INFO -- : 0:  net-sftp (2.1.2) from /usr/local/lib/ruby/gems/2.1.0/specifications/net-sftp-2.1.2.gemspec
I, [2014-02-24T23:45:47.178417 #25597]  INFO -- : 0:  pry-nav (0.2.3) from /usr/local/lib/ruby/gems/2.1.0/specifications/pry-nav-0.2.3.gemspec
I, [2014-02-24T23:45:47.178592 #25597]  INFO -- : 0:  rack (1.5.2) from /usr/local/lib/ruby/gems/2.1.0/specifications/rack-1.5.2.gemspec
I, [2014-02-24T23:45:47.178762 #25597]  INFO -- : 0:  rack-protection (1.5.2) from /usr/local/lib/ruby/gems/2.1.0/specifications/rack-protection-1.5.2.gemspec
I, [2014-02-24T23:45:47.178925 #25597]  INFO -- : 0:  rest-client (1.6.7) from /usr/local/lib/ruby/gems/2.1.0/specifications/rest-client-1.6.7.gemspec
I, [2014-02-24T23:45:47.179087 #25597]  INFO -- : 0:  rr (1.1.2) from /usr/local/lib/ruby/gems/2.1.0/specifications/rr-1.1.2.gemspec
I, [2014-02-24T23:45:47.179306 #25597]  INFO -- : 0:  tilt (1.4.1) from /usr/local/lib/ruby/gems/2.1.0/specifications/tilt-1.4.1.gemspec
I, [2014-02-24T23:45:47.179468 #25597]  INFO -- : 0:  sinatra (1.4.4) from /usr/local/lib/ruby/gems/2.1.0/specifications/sinatra-1.4.4.gemspec
I, [2014-02-24T23:45:47.179622 #25597]  INFO -- : 0:  bundler (1.5.1) from /usr/local/lib/ruby/gems/2.1.0/specifications/bundler-1.5.1.gemspec
I, [2014-02-26T17:09:42.996545 #26506]  INFO -- : 0:  dependor (1.0.1) from /usr/local/lib/ruby/gems/2.1.0/specifications/dependor-1.0.1.gemspec
I, [2014-02-26T17:09:42.996803 #26506]  INFO -- : 0:  bogus (0.1.4) from /usr/local/lib/ruby/gems/2.1.0/specifications/bogus-0.1.4.gemspec
I, [2014-02-26T17:09:42.996967 #26506]  INFO -- : 0:  timers (1.1.0) from /usr/local/lib/ruby/gems/2.1.0/specifications/timers-1.1.0.gemspec
I, [2014-02-26T17:09:42.997124 #26506]  INFO -- : 0:  celluloid (0.15.2) from /usr/local/lib/ruby/gems/2.1.0/specifications/celluloid-0.15.2.gemspec
I, [2014-02-26T17:09:42.997270 #26506]  INFO -- : 0:  nio4r (1.0.0) from /usr/local/lib/ruby/gems/2.1.0/specifications/nio4r-1.0.0.gemspec
I, [2014-02-26T17:09:42.997423 #26506]  INFO -- : 0:  celluloid-io (0.15.0) from /usr/local/lib/ruby/gems/2.1.0/specifications/celluloid-io-0.15.0.gemspec
I, [2014-02-26T17:09:42.997573 #26506]  INFO -- : 0:  coderay (1.1.0) from /usr/local/lib/ruby/gems/2.1.0/specifications/coderay-1.1.0.gemspec
I, [2014-02-26T17:09:42.997791 #26506]  INFO -- : 0:  diff-lcs (1.2.5) from /usr/local/lib/ruby/gems/2.1.0/specifications/diff-lcs-1.2.5.gemspec
I, [2014-02-26T17:09:42.997943 #26506]  INFO -- : 0:  eventmachine (1.0.3) from /usr/local/lib/ruby/gems/2.1.0/specifications/eventmachine-1.0.3.gemspec
I, [2014-02-26T17:09:42.998094 #26506]  INFO -- : 0:  ffi (1.9.3) from /usr/local/lib/ruby/gems/2.1.0/specifications/ffi-1.9.3.gemspec
I, [2014-02-26T17:09:42.998237 #26506]  INFO -- : 0:  formatador (0.2.4) from /usr/local/lib/ruby/gems/2.1.0/specifications/formatador-0.2.4.gemspec
I, [2014-02-26T17:09:42.998386 #26506]  INFO -- : 0:  rb-fsevent (0.9.4) from /usr/local/lib/ruby/gems/2.1.0/specifications/rb-fsevent-0.9.4.gemspec
I, [2014-02-26T17:09:42.998538 #26506]  INFO -- : 0:  rb-inotify (0.9.3) from /usr/local/lib/ruby/gems/2.1.0/specifications/rb-inotify-0.9.3.gemspec
I, [2014-02-26T17:09:44.189431 #26506]  INFO -- : 0:  listen (2.6.1) from /usr/local/lib/ruby/gems/2.1.0/specifications/listen-2.6.1.gemspec
I, [2014-02-26T17:09:44.191349 #26506]  INFO -- : 0:  lumberjack (1.0.4) from /usr/local/lib/ruby/gems/2.1.0/specifications/lumberjack-1.0.4.gemspec
I, [2014-02-26T17:09:44.191552 #26506]  INFO -- : 0:  method_source (0.8.2) from /usr/local/lib/ruby/gems/2.1.0/specifications/method_source-0.8.2.gemspec
I, [2014-02-26T17:09:44.191712 #26506]  INFO -- : 0:  slop (3.4.7) from /usr/local/lib/ruby/gems/2.1.0/specifications/slop-3.4.7.gemspec
I, [2014-02-26T17:09:44.191944 #26506]  INFO -- : 0:  pry (0.9.12.6) from /usr/local/lib/ruby/gems/2.1.0/specifications/pry-0.9.12.6.gemspec
I, [2014-02-26T17:09:44.192115 #26506]  INFO -- : 0:  thor (0.18.1) from /usr/local/lib/ruby/gems/2.1.0/specifications/thor-0.18.1.gemspec
I, [2014-02-26T17:09:44.192284 #26506]  INFO -- : 0:  guard (2.5.1) from /usr/local/lib/ruby/gems/2.1.0/specifications/guard-2.5.1.gemspec
I, [2014-02-26T17:09:44.192460 #26506]  INFO -- : 0:  rspec-core (2.14.7) from /usr/local/lib/ruby/gems/2.1.0/specifications/rspec-core-2.14.7.gemspec
I, [2014-02-26T17:09:44.192632 #26506]  INFO -- : 0:  rspec-expectations (2.14.5) from /usr/local/lib/ruby/gems/2.1.0/specifications/rspec-expectations-2.14.5.gemspec
I, [2014-02-26T17:09:44.192797 #26506]  INFO -- : 0:  rspec-mocks (2.14.6) from /usr/local/lib/ruby/gems/2.1.0/specifications/rspec-mocks-2.14.6.gemspec
I, [2014-02-26T17:09:44.192957 #26506]  INFO -- : 0:  rspec (2.14.1) from /usr/local/lib/ruby/gems/2.1.0/specifications/rspec-2.14.1.gemspec
I, [2014-02-26T17:09:44.193122 #26506]  INFO -- : 0:  guard-rspec (4.2.7) from /usr/local/lib/ruby/gems/2.1.0/specifications/guard-rspec-4.2.7.gemspec
I, [2014-02-26T17:09:44.193280 #26506]  INFO -- : 0:  mime-types (2.1) from /usr/local/lib/ruby/gems/2.1.0/specifications/mime-types-2.1.gemspec
I, [2014-02-26T17:09:44.193463 #26506]  INFO -- : 0:  net-ssh (2.8.0) from /usr/local/lib/ruby/gems/2.1.0/specifications/net-ssh-2.8.0.gemspec
I, [2014-02-26T17:09:44.193634 #26506]  INFO -- : 0:  net-sftp (2.1.2) from /usr/local/lib/ruby/gems/2.1.0/specifications/net-sftp-2.1.2.gemspec
I, [2014-02-26T17:09:44.193801 #26506]  INFO -- : 0:  pry-nav (0.2.3) from /usr/local/lib/ruby/gems/2.1.0/specifications/pry-nav-0.2.3.gemspec
I, [2014-02-26T17:09:44.193969 #26506]  INFO -- : 0:  rack (1.5.2) from /usr/local/lib/ruby/gems/2.1.0/specifications/rack-1.5.2.gemspec
I, [2014-02-26T17:09:44.194138 #26506]  INFO -- : 0:  rack-protection (1.5.2) from /usr/local/lib/ruby/gems/2.1.0/specifications/rack-protection-1.5.2.gemspec
I, [2014-02-26T17:09:44.194300 #26506]  INFO -- : 0:  rest-client (1.6.7) from /usr/local/lib/ruby/gems/2.1.0/specifications/rest-client-1.6.7.gemspec
I, [2014-02-26T17:09:44.194473 #26506]  INFO -- : 0:  rr (1.1.2) from /usr/local/lib/ruby/gems/2.1.0/specifications/rr-1.1.2.gemspec
I, [2014-02-26T17:09:44.194646 #26506]  INFO -- : 0:  tilt (1.4.1) from /usr/local/lib/ruby/gems/2.1.0/specifications/tilt-1.4.1.gemspec
I, [2014-02-26T17:09:44.194799 #26506]  INFO -- : 0:  sinatra (1.4.4) from /usr/local/lib/ruby/gems/2.1.0/specifications/sinatra-1.4.4.gemspec
I, [2014-02-26T17:09:44.194968 #26506]  INFO -- : 0:  timecop (0.7.1) from /usr/local/lib/ruby/gems/2.1.0/specifications/timecop-0.7.1.gemspec
I, [2014-02-26T17:09:44.195181 #26506]  INFO -- : 0:  bundler (1.5.1) from /usr/local/lib/ruby/gems/2.1.0/specifications/bundler-1.5.1.gemspec
I, [2014-02-26T17:11:45.891306 #26754]  INFO -- : 0:  dependor (1.0.1) from /usr/local/lib/ruby/gems/2.1.0/specifications/dependor-1.0.1.gemspec
I, [2014-02-26T17:11:45.891588 #26754]  INFO -- : 0:  bogus (0.1.4) from /usr/local/lib/ruby/gems/2.1.0/specifications/bogus-0.1.4.gemspec
I, [2014-02-26T17:11:45.891772 #26754]  INFO -- : 0:  timers (1.1.0) from /usr/local/lib/ruby/gems/2.1.0/specifications/timers-1.1.0.gemspec
I, [2014-02-26T17:11:45.892012 #26754]  INFO -- : 0:  celluloid (0.15.2) from /usr/local/lib/ruby/gems/2.1.0/specifications/celluloid-0.15.2.gemspec
I, [2014-02-26T17:11:45.892195 #26754]  INFO -- : 0:  nio4r (1.0.0) from /usr/local/lib/ruby/gems/2.1.0/specifications/nio4r-1.0.0.gemspec
I, [2014-02-26T17:11:45.892381 #26754]  INFO -- : 0:  celluloid-io (0.15.0) from /usr/local/lib/ruby/gems/2.1.0/specifications/celluloid-io-0.15.0.gemspec
I, [2014-02-26T17:11:45.892582 #26754]  INFO -- : 0:  coderay (1.1.0) from /usr/local/lib/ruby/gems/2.1.0/specifications/coderay-1.1.0.gemspec
I, [2014-02-26T17:11:45.892773 #26754]  INFO -- : 0:  diff-lcs (1.2.5) from /usr/local/lib/ruby/gems/2.1.0/specifications/diff-lcs-1.2.5.gemspec
I, [2014-02-26T17:11:45.892954 #26754]  INFO -- : 0:  eventmachine (1.0.3) from /usr/local/lib/ruby/gems/2.1.0/specifications/eventmachine-1.0.3.gemspec
I, [2014-02-26T17:11:45.893159 #26754]  INFO -- : 0:  ffi (1.9.3) from /usr/local/lib/ruby/gems/2.1.0/specifications/ffi-1.9.3.gemspec
I, [2014-02-26T17:11:45.893370 #26754]  INFO -- : 0:  formatador (0.2.4) from /usr/local/lib/ruby/gems/2.1.0/specifications/formatador-0.2.4.gemspec
I, [2014-02-26T17:11:45.893604 #26754]  INFO -- : 0:  rb-fsevent (0.9.4) from /usr/local/lib/ruby/gems/2.1.0/specifications/rb-fsevent-0.9.4.gemspec
I, [2014-02-26T17:11:45.893784 #26754]  INFO -- : 0:  rb-inotify (0.9.3) from /usr/local/lib/ruby/gems/2.1.0/specifications/rb-inotify-0.9.3.gemspec
I, [2014-02-26T17:11:45.893960 #26754]  INFO -- : 0:  listen (2.6.1) from /usr/local/lib/ruby/gems/2.1.0/specifications/listen-2.6.1.gemspec
I, [2014-02-26T17:11:45.894150 #26754]  INFO -- : 0:  lumberjack (1.0.4) from /usr/local/lib/ruby/gems/2.1.0/specifications/lumberjack-1.0.4.gemspec
I, [2014-02-26T17:11:45.894336 #26754]  INFO -- : 0:  method_source (0.8.2) from /usr/local/lib/ruby/gems/2.1.0/specifications/method_source-0.8.2.gemspec
I, [2014-02-26T17:11:45.894511 #26754]  INFO -- : 0:  slop (3.4.7) from /usr/local/lib/ruby/gems/2.1.0/specifications/slop-3.4.7.gemspec
I, [2014-02-26T17:11:45.894705 #26754]  INFO -- : 0:  pry (0.9.12.6) from /usr/local/lib/ruby/gems/2.1.0/specifications/pry-0.9.12.6.gemspec
I, [2014-02-26T17:11:45.894880 #26754]  INFO -- : 0:  thor (0.18.1) from /usr/local/lib/ruby/gems/2.1.0/specifications/thor-0.18.1.gemspec
I, [2014-02-26T17:11:45.895072 #26754]  INFO -- : 0:  guard (2.5.1) from /usr/local/lib/ruby/gems/2.1.0/specifications/guard-2.5.1.gemspec
I, [2014-02-26T17:11:45.895254 #26754]  INFO -- : 0:  rspec-core (2.14.7) from /usr/local/lib/ruby/gems/2.1.0/specifications/rspec-core-2.14.7.gemspec
I, [2014-02-26T17:11:45.895445 #26754]  INFO -- : 0:  rspec-expectations (2.14.5) from /usr/local/lib/ruby/gems/2.1.0/specifications/rspec-expectations-2.14.5.gemspec
I, [2014-02-26T17:11:45.895636 #26754]  INFO -- : 0:  rspec-mocks (2.14.6) from /usr/local/lib/ruby/gems/2.1.0/specifications/rspec-mocks-2.14.6.gemspec
I, [2014-02-26T17:11:45.895885 #26754]  INFO -- : 0:  rspec (2.14.1) from /usr/local/lib/ruby/gems/2.1.0/specifications/rspec-2.14.1.gemspec
I, [2014-02-26T17:11:45.896083 #26754]  INFO -- : 0:  guard-rspec (4.2.7) from /usr/local/lib/ruby/gems/2.1.0/specifications/guard-rspec-4.2.7.gemspec
I, [2014-02-26T17:11:45.896375 #26754]  INFO -- : 0:  mime-types (2.1) from /usr/local/lib/ruby/gems/2.1.0/specifications/mime-types-2.1.gemspec
I, [2014-02-26T17:11:45.896588 #26754]  INFO -- : 0:  net-ssh (2.8.0) from /usr/local/lib/ruby/gems/2.1.0/specifications/net-ssh-2.8.0.gemspec
I, [2014-02-26T17:11:45.896753 #26754]  INFO -- : 0:  net-sftp (2.1.2) from /usr/local/lib/ruby/gems/2.1.0/specifications/net-sftp-2.1.2.gemspec
I, [2014-02-26T17:11:45.896946 #26754]  INFO -- : 0:  pry-nav (0.2.3) from /usr/local/lib/ruby/gems/2.1.0/specifications/pry-nav-0.2.3.gemspec
I, [2014-02-26T17:11:45.897122 #26754]  INFO -- : 0:  rack (1.5.2) from /usr/local/lib/ruby/gems/2.1.0/specifications/rack-1.5.2.gemspec
I, [2014-02-26T17:11:45.897310 #26754]  INFO -- : 0:  rack-protection (1.5.2) from /usr/local/lib/ruby/gems/2.1.0/specifications/rack-protection-1.5.2.gemspec
I, [2014-02-26T17:11:45.897502 #26754]  INFO -- : 0:  rest-client (1.6.7) from /usr/local/lib/ruby/gems/2.1.0/specifications/rest-client-1.6.7.gemspec
I, [2014-02-26T17:11:45.897692 #26754]  INFO -- : 0:  rr (1.1.2) from /usr/local/lib/ruby/gems/2.1.0/specifications/rr-1.1.2.gemspec
I, [2014-02-26T17:11:45.897895 #26754]  INFO -- : 0:  tilt (1.4.1) from /usr/local/lib/ruby/gems/2.1.0/specifications/tilt-1.4.1.gemspec
I, [2014-02-26T17:11:45.898095 #26754]  INFO -- : 0:  sinatra (1.4.4) from /usr/local/lib/ruby/gems/2.1.0/specifications/sinatra-1.4.4.gemspec
I, [2014-02-26T17:11:45.898276 #26754]  INFO -- : 0:  timecop (0.7.1) from /usr/local/lib/ruby/gems/2.1.0/specifications/timecop-0.7.1.gemspec
I, [2014-02-26T17:11:45.898438 #26754]  INFO -- : 0:  bundler (1.5.1) from /usr/local/lib/ruby/gems/2.1.0/specifications/bundler-1.5.1.gemspec
I, [2014-04-09T15:44:22.219485 #2157]  INFO -- : 0:  dependor (1.0.1) from /usr/local/lib/ruby/gems/2.1.0/specifications/dependor-1.0.1.gemspec
I, [2014-04-09T15:44:22.266222 #2157]  INFO -- : 0:  bogus (0.1.4) from /usr/local/lib/ruby/gems/2.1.0/specifications/bogus-0.1.4.gemspec
I, [2014-04-09T15:44:22.266478 #2157]  INFO -- : 0:  timers (1.1.0) from /usr/local/lib/ruby/gems/2.1.0/specifications/timers-1.1.0.gemspec
I, [2014-04-09T15:44:22.266659 #2157]  INFO -- : 0:  celluloid (0.15.2) from /usr/local/lib/ruby/gems/2.1.0/specifications/celluloid-0.15.2.gemspec
I, [2014-04-09T15:44:22.266836 #2157]  INFO -- : 0:  nio4r (1.0.0) from /usr/local/lib/ruby/gems/2.1.0/specifications/nio4r-1.0.0.gemspec
I, [2014-04-09T15:44:22.267005 #2157]  INFO -- : 0:  celluloid-io (0.15.0) from /usr/local/lib/ruby/gems/2.1.0/specifications/celluloid-io-0.15.0.gemspec
I, [2014-04-09T15:44:22.267174 #2157]  INFO -- : 0:  coderay (1.1.0) from /usr/local/lib/ruby/gems/2.1.0/specifications/coderay-1.1.0.gemspec
I, [2014-04-09T15:44:22.267343 #2157]  INFO -- : 0:  diff-lcs (1.2.5) from /usr/local/lib/ruby/gems/2.1.0/specifications/diff-lcs-1.2.5.gemspec
I, [2014-04-09T15:44:22.267512 #2157]  INFO -- : 0:  eventmachine (1.0.3) from /usr/local/lib/ruby/gems/2.1.0/specifications/eventmachine-1.0.3.gemspec
I, [2014-04-09T15:44:22.267693 #2157]  INFO -- : 0:  ffi (1.9.3) from /usr/local/lib/ruby/gems/2.1.0/specifications/ffi-1.9.3.gemspec
I, [2014-04-09T15:44:22.267857 #2157]  INFO -- : 0:  formatador (0.2.4) from /usr/local/lib/ruby/gems/2.1.0/specifications/formatador-0.2.4.gemspec
I, [2014-04-09T15:44:22.268020 #2157]  INFO -- : 0:  rb-fsevent (0.9.4) from /usr/local/lib/ruby/gems/2.1.0/specifications/rb-fsevent-0.9.4.gemspec
I, [2014-04-09T15:44:22.268184 #2157]  INFO -- : 0:  rb-inotify (0.9.3) from /usr/local/lib/ruby/gems/2.1.0/specifications/rb-inotify-0.9.3.gemspec
I, [2014-04-09T15:44:23.784428 #2157]  INFO -- : 0:  listen (2.7.1) from /usr/local/lib/ruby/gems/2.1.0/specifications/listen-2.7.1.gemspec
I, [2014-04-09T15:44:24.871025 #2157]  INFO -- : 0:  lumberjack (1.0.5) from /usr/local/lib/ruby/gems/2.1.0/specifications/lumberjack-1.0.5.gemspec
I, [2014-04-09T15:44:24.871285 #2157]  INFO -- : 0:  method_source (0.8.2) from /usr/local/lib/ruby/gems/2.1.0/specifications/method_source-0.8.2.gemspec
I, [2014-04-09T15:44:25.928370 #2157]  INFO -- : 0:  slop (3.5.0) from /usr/local/lib/ruby/gems/2.1.0/specifications/slop-3.5.0.gemspec
I, [2014-04-09T15:44:25.928656 #2157]  INFO -- : 0:  pry (0.9.12.6) from /usr/local/lib/ruby/gems/2.1.0/specifications/pry-0.9.12.6.gemspec
I, [2014-04-09T15:44:25.928795 #2157]  INFO -- : 0:  thor (0.19.1) from /usr/local/lib/ruby/gems/2.1.0/specifications/thor-0.19.1.gemspec
I, [2014-04-09T15:44:27.248454 #2157]  INFO -- : 0:  guard (2.6.0) from /usr/local/lib/ruby/gems/2.1.0/specifications/guard-2.6.0.gemspec
I, [2014-04-09T15:44:27.248684 #2157]  INFO -- : 0:  rspec-core (2.14.8) from /usr/local/lib/ruby/gems/2.1.0/specifications/rspec-core-2.14.8.gemspec
I, [2014-04-09T15:44:27.248845 #2157]  INFO -- : 0:  rspec-expectations (2.14.5) from /usr/local/lib/ruby/gems/2.1.0/specifications/rspec-expectations-2.14.5.gemspec
I, [2014-04-09T15:44:27.249030 #2157]  INFO -- : 0:  rspec-mocks (2.14.6) from /usr/local/lib/ruby/gems/2.1.0/specifications/rspec-mocks-2.14.6.gemspec
I, [2014-04-09T15:44:27.249180 #2157]  INFO -- : 0:  rspec (2.14.1) from /usr/local/lib/ruby/gems/2.1.0/specifications/rspec-2.14.1.gemspec
I, [2014-04-09T15:44:28.227093 #2157]  INFO -- : 0:  guard-rspec (4.2.8) from /usr/local/lib/ruby/gems/2.1.0/specifications/guard-rspec-4.2.8.gemspec
I, [2014-04-09T15:44:29.348543 #2157]  INFO -- : 0:  mime-types (2.2) from /usr/local/lib/ruby/gems/2.1.0/specifications/mime-types-2.2.gemspec
I, [2014-04-09T15:44:29.348817 #2157]  INFO -- : 0:  net-ssh (2.8.0) from /usr/local/lib/ruby/gems/2.1.0/specifications/net-ssh-2.8.0.gemspec
I, [2014-04-09T15:44:29.348970 #2157]  INFO -- : 0:  net-sftp (2.1.2) from /usr/local/lib/ruby/gems/2.1.0/specifications/net-sftp-2.1.2.gemspec
I, [2014-04-09T15:44:29.349116 #2157]  INFO -- : 0:  pry-nav (0.2.3) from /usr/local/lib/ruby/gems/2.1.0/specifications/pry-nav-0.2.3.gemspec
I, [2014-04-09T15:44:29.349262 #2157]  INFO -- : 0:  rack (1.5.2) from /usr/local/lib/ruby/gems/2.1.0/specifications/rack-1.5.2.gemspec
I, [2014-04-09T15:44:30.305437 #2157]  INFO -- : 0:  rack-protection (1.5.3) from /usr/local/lib/ruby/gems/2.1.0/specifications/rack-protection-1.5.3.gemspec
I, [2014-04-09T15:44:30.305658 #2157]  INFO -- : 0:  rest-client (1.6.7) from /usr/local/lib/ruby/gems/2.1.0/specifications/rest-client-1.6.7.gemspec
I, [2014-04-09T15:44:30.305811 #2157]  INFO -- : 0:  rr (1.1.2) from /usr/local/lib/ruby/gems/2.1.0/specifications/rr-1.1.2.gemspec
I, [2014-04-09T15:44:30.305958 #2157]  INFO -- : 0:  tilt (1.4.1) from /usr/local/lib/ruby/gems/2.1.0/specifications/tilt-1.4.1.gemspec
I, [2014-04-09T15:44:31.895295 #2157]  INFO -- : 0:  sinatra (1.4.5) from /usr/local/lib/ruby/gems/2.1.0/specifications/sinatra-1.4.5.gemspec
I, [2014-04-09T15:44:31.895524 #2157]  INFO -- : 0:  sunra_config (0.0.5) from /usr/local/lib/ruby/gems/2.1.0/specifications/sunra_config-0.0.5.gemspec
I, [2014-04-09T15:44:31.895725 #2157]  INFO -- : 0:  timecop (0.7.1) from /usr/local/lib/ruby/gems/2.1.0/specifications/timecop-0.7.1.gemspec
I, [2014-04-09T15:44:31.895863 #2157]  INFO -- : 0:  bundler (1.5.1) from /usr/local/lib/ruby/gems/2.1.0/specifications/bundler-1.5.1.gemspec
I, [2014-06-11T17:42:26.949238 #5052]  INFO -- : 0:  dependor (1.0.1) from /usr/local/lib/ruby/gems/2.1.0/specifications/dependor-1.0.1.gemspec
I, [2014-06-11T17:42:28.405577 #5052]  INFO -- : 0:  bogus (0.1.5) from /usr/local/lib/ruby/gems/2.1.0/specifications/bogus-0.1.5.gemspec
I, [2014-06-11T17:42:28.405991 #5052]  INFO -- : 0:  timers (1.1.0) from /usr/local/lib/ruby/gems/2.1.0/specifications/timers-1.1.0.gemspec
I, [2014-06-11T17:42:28.406246 #5052]  INFO -- : 0:  celluloid (0.15.2) from /usr/local/lib/ruby/gems/2.1.0/specifications/celluloid-0.15.2.gemspec
I, [2014-06-11T17:42:28.406487 #5052]  INFO -- : 0:  coderay (1.1.0) from /usr/local/lib/ruby/gems/2.1.0/specifications/coderay-1.1.0.gemspec
I, [2014-06-11T17:42:28.406729 #5052]  INFO -- : 0:  diff-lcs (1.2.5) from /usr/local/lib/ruby/gems/2.1.0/specifications/diff-lcs-1.2.5.gemspec
I, [2014-06-11T17:42:28.406961 #5052]  INFO -- : 0:  eventmachine (1.0.3) from /usr/local/lib/ruby/gems/2.1.0/specifications/eventmachine-1.0.3.gemspec
I, [2014-06-11T17:42:28.407209 #5052]  INFO -- : 0:  ffi (1.9.3) from /usr/local/lib/ruby/gems/2.1.0/specifications/ffi-1.9.3.gemspec
I, [2014-06-11T17:42:29.549443 #5052]  INFO -- : 0:  formatador (0.2.5) from /usr/local/lib/ruby/gems/2.1.0/specifications/formatador-0.2.5.gemspec
I, [2014-06-11T17:42:29.549729 #5052]  INFO -- : 0:  rb-fsevent (0.9.4) from /usr/local/lib/ruby/gems/2.1.0/specifications/rb-fsevent-0.9.4.gemspec
I, [2014-06-11T17:42:30.686280 #5052]  INFO -- : 0:  rb-inotify (0.9.5) from /usr/local/lib/ruby/gems/2.1.0/specifications/rb-inotify-0.9.5.gemspec
I, [2014-06-11T17:42:32.046357 #5052]  INFO -- : 0:  listen (2.7.7) from /usr/local/lib/ruby/gems/2.1.0/specifications/listen-2.7.7.gemspec
I, [2014-06-11T17:42:33.270546 #5052]  INFO -- : 0:  lumberjack (1.0.6) from /usr/local/lib/ruby/gems/2.1.0/specifications/lumberjack-1.0.6.gemspec
I, [2014-06-11T17:42:33.270839 #5052]  INFO -- : 0:  method_source (0.8.2) from /usr/local/lib/ruby/gems/2.1.0/specifications/method_source-0.8.2.gemspec
I, [2014-06-11T17:42:33.271008 #5052]  INFO -- : 0:  slop (3.5.0) from /usr/local/lib/ruby/gems/2.1.0/specifications/slop-3.5.0.gemspec
I, [2014-06-11T17:42:33.271189 #5052]  INFO -- : 0:  pry (0.9.12.6) from /usr/local/lib/ruby/gems/2.1.0/specifications/pry-0.9.12.6.gemspec
I, [2014-06-11T17:42:33.271382 #5052]  INFO -- : 0:  thor (0.19.1) from /usr/local/lib/ruby/gems/2.1.0/specifications/thor-0.19.1.gemspec
I, [2014-06-11T17:42:34.888482 #5052]  INFO -- : 0:  guard (2.6.1) from /usr/local/lib/ruby/gems/2.1.0/specifications/guard-2.6.1.gemspec
I, [2014-06-11T17:42:34.888722 #5052]  INFO -- : 0:  rspec-support (3.0.0) from /usr/local/lib/ruby/gems/2.1.0/specifications/rspec-support-3.0.0.gemspec
I, [2014-06-11T17:42:34.888882 #5052]  INFO -- : 0:  rspec-core (3.0.0) from /usr/local/lib/ruby/gems/2.1.0/specifications/rspec-core-3.0.0.gemspec
I, [2014-06-11T17:42:34.889041 #5052]  INFO -- : 0:  rspec-expectations (3.0.0) from /usr/local/lib/ruby/gems/2.1.0/specifications/rspec-expectations-3.0.0.gemspec
I, [2014-06-11T17:42:34.889218 #5052]  INFO -- : 0:  rspec-mocks (3.0.1) from /usr/local/lib/ruby/gems/2.1.0/specifications/rspec-mocks-3.0.1.gemspec
I, [2014-06-11T17:42:36.423583 #5052]  INFO -- : 0:  rspec (3.0.0) from /usr/local/lib/ruby/gems/2.1.0/specifications/rspec-3.0.0.gemspec
I, [2014-06-11T17:42:37.640241 #5052]  INFO -- : 0:  guard-rspec (4.2.10) from /usr/local/lib/ruby/gems/2.1.0/specifications/guard-rspec-4.2.10.gemspec
I, [2014-06-11T17:42:37.640733 #5052]  INFO -- : 0:  mime-types (2.3) from /usr/local/lib/ruby/gems/2.1.0/specifications/mime-types-2.3.gemspec
I, [2014-06-11T17:42:39.262890 #5052]  INFO -- : 0:  net-ssh (2.9.1) from /usr/local/lib/ruby/gems/2.1.0/specifications/net-ssh-2.9.1.gemspec
I, [2014-06-11T17:42:39.263184 #5052]  INFO -- : 0:  net-sftp (2.1.2) from /usr/local/lib/ruby/gems/2.1.0/specifications/net-sftp-2.1.2.gemspec
I, [2014-06-11T17:42:39.263541 #5052]  INFO -- : 0:  pry-nav (0.2.3) from /usr/local/lib/ruby/gems/2.1.0/specifications/pry-nav-0.2.3.gemspec
I, [2014-06-11T17:42:39.263809 #5052]  INFO -- : 0:  rack (1.5.2) from /usr/local/lib/ruby/gems/2.1.0/specifications/rack-1.5.2.gemspec
I, [2014-06-11T17:42:39.264038 #5052]  INFO -- : 0:  rack-protection (1.5.3) from /usr/local/lib/ruby/gems/2.1.0/specifications/rack-protection-1.5.3.gemspec
I, [2014-06-11T17:42:39.264298 #5052]  INFO -- : 0:  rest-client (1.6.7) from /usr/local/lib/ruby/gems/2.1.0/specifications/rest-client-1.6.7.gemspec
I, [2014-06-11T17:42:39.264463 #5052]  INFO -- : 0:  rr (1.1.2) from /usr/local/lib/ruby/gems/2.1.0/specifications/rr-1.1.2.gemspec
I, [2014-06-11T17:42:39.264653 #5052]  INFO -- : 0:  tilt (1.4.1) from /usr/local/lib/ruby/gems/2.1.0/specifications/tilt-1.4.1.gemspec
I, [2014-06-11T17:42:39.264807 #5052]  INFO -- : 0:  sinatra (1.4.5) from /usr/local/lib/ruby/gems/2.1.0/specifications/sinatra-1.4.5.gemspec
I, [2014-06-11T17:42:39.264999 #5052]  INFO -- : 0:  sunra_config (0.0.11) from /usr/local/lib/ruby/gems/2.1.0/specifications/sunra_config-0.0.11.gemspec
I, [2014-06-11T17:42:39.265144 #5052]  INFO -- : 0:  timecop (0.7.1) from /usr/local/lib/ruby/gems/2.1.0/specifications/timecop-0.7.1.gemspec
I, [2014-06-11T17:42:39.265292 #5052]  INFO -- : 0:  bundler (1.5.1) from /usr/local/lib/ruby/gems/2.1.0/specifications/bundler-1.5.1.gemspec
I, [2014-06-12T12:02:07.113774 #9836]  INFO -- : 0:  dependor (1.0.1) from /usr/local/lib/ruby/gems/2.1.0/specifications/dependor-1.0.1.gemspec
I, [2014-06-12T12:02:07.114035 #9836]  INFO -- : 0:  bogus (0.1.5) from /usr/local/lib/ruby/gems/2.1.0/specifications/bogus-0.1.5.gemspec
I, [2014-06-12T12:02:07.114222 #9836]  INFO -- : 0:  timers (1.1.0) from /usr/local/lib/ruby/gems/2.1.0/specifications/timers-1.1.0.gemspec
I, [2014-06-12T12:02:07.114406 #9836]  INFO -- : 0:  celluloid (0.15.2) from /usr/local/lib/ruby/gems/2.1.0/specifications/celluloid-0.15.2.gemspec
I, [2014-06-12T12:02:07.114586 #9836]  INFO -- : 0:  coderay (1.1.0) from /usr/local/lib/ruby/gems/2.1.0/specifications/coderay-1.1.0.gemspec
I, [2014-06-12T12:02:07.114764 #9836]  INFO -- : 0:  diff-lcs (1.2.5) from /usr/local/lib/ruby/gems/2.1.0/specifications/diff-lcs-1.2.5.gemspec
I, [2014-06-12T12:02:07.114944 #9836]  INFO -- : 0:  eventmachine (1.0.3) from /usr/local/lib/ruby/gems/2.1.0/specifications/eventmachine-1.0.3.gemspec
I, [2014-06-12T12:02:07.115125 #9836]  INFO -- : 0:  ffi (1.9.3) from /usr/local/lib/ruby/gems/2.1.0/specifications/ffi-1.9.3.gemspec
I, [2014-06-12T12:02:07.115308 #9836]  INFO -- : 0:  formatador (0.2.5) from /usr/local/lib/ruby/gems/2.1.0/specifications/formatador-0.2.5.gemspec
I, [2014-06-12T12:02:07.115481 #9836]  INFO -- : 0:  rb-fsevent (0.9.4) from /usr/local/lib/ruby/gems/2.1.0/specifications/rb-fsevent-0.9.4.gemspec
I, [2014-06-12T12:02:07.115664 #9836]  INFO -- : 0:  rb-inotify (0.9.5) from /usr/local/lib/ruby/gems/2.1.0/specifications/rb-inotify-0.9.5.gemspec
I, [2014-06-12T12:02:07.115844 #9836]  INFO -- : 0:  listen (2.7.7) from /usr/local/lib/ruby/gems/2.1.0/specifications/listen-2.7.7.gemspec
I, [2014-06-12T12:02:07.116035 #9836]  INFO -- : 0:  lumberjack (1.0.6) from /usr/local/lib/ruby/gems/2.1.0/specifications/lumberjack-1.0.6.gemspec
I, [2014-06-12T12:02:07.116224 #9836]  INFO -- : 0:  method_source (0.8.2) from /usr/local/lib/ruby/gems/2.1.0/specifications/method_source-0.8.2.gemspec
I, [2014-06-12T12:02:07.116405 #9836]  INFO -- : 0:  slop (3.5.0) from /usr/local/lib/ruby/gems/2.1.0/specifications/slop-3.5.0.gemspec
I, [2014-06-12T12:02:07.118411 #9836]  INFO -- : 0:  pry (0.9.12.6) from /usr/local/lib/ruby/gems/2.1.0/specifications/pry-0.9.12.6.gemspec
I, [2014-06-12T12:02:07.118603 #9836]  INFO -- : 0:  thor (0.19.1) from /usr/local/lib/ruby/gems/2.1.0/specifications/thor-0.19.1.gemspec
I, [2014-06-12T12:02:07.118789 #9836]  INFO -- : 0:  guard (2.6.1) from /usr/local/lib/ruby/gems/2.1.0/specifications/guard-2.6.1.gemspec
I, [2014-06-12T12:02:07.118965 #9836]  INFO -- : 0:  rspec-support (3.0.0) from /usr/local/lib/ruby/gems/2.1.0/specifications/rspec-support-3.0.0.gemspec
I, [2014-06-12T12:02:07.119141 #9836]  INFO -- : 0:  rspec-core (3.0.0) from /usr/local/lib/ruby/gems/2.1.0/specifications/rspec-core-3.0.0.gemspec
I, [2014-06-12T12:02:07.119323 #9836]  INFO -- : 0:  rspec-expectations (3.0.0) from /usr/local/lib/ruby/gems/2.1.0/specifications/rspec-expectations-3.0.0.gemspec
I, [2014-06-12T12:02:07.119505 #9836]  INFO -- : 0:  rspec-mocks (3.0.1) from /usr/local/lib/ruby/gems/2.1.0/specifications/rspec-mocks-3.0.1.gemspec
I, [2014-06-12T12:02:07.119688 #9836]  INFO -- : 0:  rspec (3.0.0) from /usr/local/lib/ruby/gems/2.1.0/specifications/rspec-3.0.0.gemspec
I, [2014-06-12T12:02:07.119873 #9836]  INFO -- : 0:  guard-rspec (4.2.10) from /usr/local/lib/ruby/gems/2.1.0/specifications/guard-rspec-4.2.10.gemspec
I, [2014-06-12T12:02:07.120048 #9836]  INFO -- : 0:  mime-types (2.3) from /usr/local/lib/ruby/gems/2.1.0/specifications/mime-types-2.3.gemspec
I, [2014-06-12T12:02:07.120224 #9836]  INFO -- : 0:  net-ssh (2.9.1) from /usr/local/lib/ruby/gems/2.1.0/specifications/net-ssh-2.9.1.gemspec
I, [2014-06-12T12:02:07.120408 #9836]  INFO -- : 0:  net-sftp (2.1.2) from /usr/local/lib/ruby/gems/2.1.0/specifications/net-sftp-2.1.2.gemspec
I, [2014-06-12T12:02:07.120580 #9836]  INFO -- : 0:  pry-nav (0.2.3) from /usr/local/lib/ruby/gems/2.1.0/specifications/pry-nav-0.2.3.gemspec
I, [2014-06-12T12:02:07.120761 #9836]  INFO -- : 0:  rack (1.5.2) from /usr/local/lib/ruby/gems/2.1.0/specifications/rack-1.5.2.gemspec
I, [2014-06-12T12:02:07.120948 #9836]  INFO -- : 0:  rack-protection (1.5.3) from /usr/local/lib/ruby/gems/2.1.0/specifications/rack-protection-1.5.3.gemspec
I, [2014-06-12T12:02:07.121128 #9836]  INFO -- : 0:  rest-client (1.6.7) from /usr/local/lib/ruby/gems/2.1.0/specifications/rest-client-1.6.7.gemspec
I, [2014-06-12T12:02:07.121309 #9836]  INFO -- : 0:  rr (1.1.2) from /usr/local/lib/ruby/gems/2.1.0/specifications/rr-1.1.2.gemspec
I, [2014-06-12T12:02:07.121487 #9836]  INFO -- : 0:  tilt (1.4.1) from /usr/local/lib/ruby/gems/2.1.0/specifications/tilt-1.4.1.gemspec
I, [2014-06-12T12:02:07.121677 #9836]  INFO -- : 0:  sinatra (1.4.5) from /usr/local/lib/ruby/gems/2.1.0/specifications/sinatra-1.4.5.gemspec
I, [2014-06-12T12:02:07.121860 #9836]  INFO -- : 0:  sunra_config (0.0.13) from /usr/local/lib/ruby/gems/2.1.0/specifications/sunra_config-0.0.13.gemspec
I, [2014-06-12T12:02:07.122026 #9836]  INFO -- : 0:  timecop (0.7.1) from /usr/local/lib/ruby/gems/2.1.0/specifications/timecop-0.7.1.gemspec
I, [2014-06-12T12:02:07.122187 #9836]  INFO -- : 0:  bundler (1.5.1) from /usr/local/lib/ruby/gems/2.1.0/specifications/bundler-1.5.1.gemspec
I, [2014-06-23T14:56:33.142094 #21451]  INFO -- : 0:  dependor (1.0.1) from /usr/local/lib/ruby/gems/2.1.0/specifications/dependor-1.0.1.gemspec
I, [2014-06-23T14:56:33.173257 #21451]  INFO -- : 0:  bogus (0.1.5) from /usr/local/lib/ruby/gems/2.1.0/specifications/bogus-0.1.5.gemspec
I, [2014-06-23T14:56:33.173462 #21451]  INFO -- : 0:  timers (1.1.0) from /usr/local/lib/ruby/gems/2.1.0/specifications/timers-1.1.0.gemspec
I, [2014-06-23T14:56:33.173649 #21451]  INFO -- : 0:  celluloid (0.15.2) from /usr/local/lib/ruby/gems/2.1.0/specifications/celluloid-0.15.2.gemspec
I, [2014-06-23T14:56:33.173814 #21451]  INFO -- : 0:  coderay (1.1.0) from /usr/local/lib/ruby/gems/2.1.0/specifications/coderay-1.1.0.gemspec
I, [2014-06-23T14:56:33.173991 #21451]  INFO -- : 0:  diff-lcs (1.2.5) from /usr/local/lib/ruby/gems/2.1.0/specifications/diff-lcs-1.2.5.gemspec
I, [2014-06-23T14:56:33.174167 #21451]  INFO -- : 0:  eventmachine (1.0.3) from /usr/local/lib/ruby/gems/2.1.0/specifications/eventmachine-1.0.3.gemspec
I, [2014-06-23T14:56:33.174341 #21451]  INFO -- : 0:  ffi (1.9.3) from /usr/local/lib/ruby/gems/2.1.0/specifications/ffi-1.9.3.gemspec
I, [2014-06-23T14:56:33.174517 #21451]  INFO -- : 0:  formatador (0.2.5) from /usr/local/lib/ruby/gems/2.1.0/specifications/formatador-0.2.5.gemspec
I, [2014-06-23T14:56:33.174706 #21451]  INFO -- : 0:  rb-fsevent (0.9.4) from /usr/local/lib/ruby/gems/2.1.0/specifications/rb-fsevent-0.9.4.gemspec
I, [2014-06-23T14:56:33.174889 #21451]  INFO -- : 0:  rb-inotify (0.9.5) from /usr/local/lib/ruby/gems/2.1.0/specifications/rb-inotify-0.9.5.gemspec
I, [2014-06-23T14:56:35.317966 #21451]  INFO -- : 0:  listen (2.7.9) from /usr/local/lib/ruby/gems/2.1.0/specifications/listen-2.7.9.gemspec
I, [2014-06-23T14:56:36.725745 #21451]  INFO -- : 0:  lumberjack (1.0.7) from /usr/local/lib/ruby/gems/2.1.0/specifications/lumberjack-1.0.7.gemspec
I, [2014-06-23T14:56:36.727284 #21451]  INFO -- : 0:  method_source (0.8.2) from /usr/local/lib/ruby/gems/2.1.0/specifications/method_source-0.8.2.gemspec
I, [2014-06-23T14:56:36.727519 #21451]  INFO -- : 0:  slop (3.5.0) from /usr/local/lib/ruby/gems/2.1.0/specifications/slop-3.5.0.gemspec
I, [2014-06-23T14:56:36.727704 #21451]  INFO -- : 0:  pry (0.9.12.6) from /usr/local/lib/ruby/gems/2.1.0/specifications/pry-0.9.12.6.gemspec
I, [2014-06-23T14:56:36.727897 #21451]  INFO -- : 0:  thor (0.19.1) from /usr/local/lib/ruby/gems/2.1.0/specifications/thor-0.19.1.gemspec
I, [2014-06-23T14:56:36.728071 #21451]  INFO -- : 0:  guard (2.6.1) from /usr/local/lib/ruby/gems/2.1.0/specifications/guard-2.6.1.gemspec
I, [2014-06-23T14:56:38.232875 #21451]  INFO -- : 0:  rspec-support (3.0.2) from /usr/local/lib/ruby/gems/2.1.0/specifications/rspec-support-3.0.2.gemspec
I, [2014-06-23T14:56:39.832075 #21451]  INFO -- : 0:  rspec-core (3.0.2) from /usr/local/lib/ruby/gems/2.1.0/specifications/rspec-core-3.0.2.gemspec
I, [2014-06-23T14:56:41.300181 #21451]  INFO -- : 0:  rspec-expectations (3.0.2) from /usr/local/lib/ruby/gems/2.1.0/specifications/rspec-expectations-3.0.2.gemspec
I, [2014-06-23T14:56:42.858887 #21451]  INFO -- : 0:  rspec-mocks (3.0.2) from /usr/local/lib/ruby/gems/2.1.0/specifications/rspec-mocks-3.0.2.gemspec
I, [2014-06-23T14:56:42.860472 #21451]  INFO -- : 0:  rspec (3.0.0) from /usr/local/lib/ruby/gems/2.1.0/specifications/rspec-3.0.0.gemspec
I, [2014-06-23T14:56:42.860755 #21451]  INFO -- : 0:  guard-rspec (4.2.10) from /usr/local/lib/ruby/gems/2.1.0/specifications/guard-rspec-4.2.10.gemspec
I, [2014-06-23T14:56:42.860967 #21451]  INFO -- : 0:  mime-types (2.3) from /usr/local/lib/ruby/gems/2.1.0/specifications/mime-types-2.3.gemspec
I, [2014-06-23T14:56:42.861156 #21451]  INFO -- : 0:  net-ssh (2.9.1) from /usr/local/lib/ruby/gems/2.1.0/specifications/net-ssh-2.9.1.gemspec
I, [2014-06-23T14:56:42.861359 #21451]  INFO -- : 0:  net-sftp (2.1.2) from /usr/local/lib/ruby/gems/2.1.0/specifications/net-sftp-2.1.2.gemspec
I, [2014-06-23T14:56:42.861549 #21451]  INFO -- : 0:  pry-nav (0.2.3) from /usr/local/lib/ruby/gems/2.1.0/specifications/pry-nav-0.2.3.gemspec
I, [2014-06-23T14:56:42.861740 #21451]  INFO -- : 0:  rack (1.5.2) from /usr/local/lib/ruby/gems/2.1.0/specifications/rack-1.5.2.gemspec
I, [2014-06-23T14:56:42.861927 #21451]  INFO -- : 0:  rack-protection (1.5.3) from /usr/local/lib/ruby/gems/2.1.0/specifications/rack-protection-1.5.3.gemspec
I, [2014-06-23T14:56:42.862103 #21451]  INFO -- : 0:  rest-client (1.6.7) from /usr/local/lib/ruby/gems/2.1.0/specifications/rest-client-1.6.7.gemspec
I, [2014-06-23T14:56:42.862287 #21451]  INFO -- : 0:  rr (1.1.2) from /usr/local/lib/ruby/gems/2.1.0/specifications/rr-1.1.2.gemspec
I, [2014-06-23T14:56:42.862472 #21451]  INFO -- : 0:  tilt (1.4.1) from /usr/local/lib/ruby/gems/2.1.0/specifications/tilt-1.4.1.gemspec
I, [2014-06-23T14:56:42.862661 #21451]  INFO -- : 0:  sinatra (1.4.5) from /usr/local/lib/ruby/gems/2.1.0/specifications/sinatra-1.4.5.gemspec
I, [2014-06-23T14:56:42.862862 #21451]  INFO -- : 0:  sunra_config (0.0.13) from /usr/local/lib/ruby/gems/2.1.0/specifications/sunra_config-0.0.13.gemspec
I, [2014-06-23T14:56:42.863051 #21451]  INFO -- : 0:  sunra_logging (0.0.2) from /usr/local/lib/ruby/gems/2.1.0/specifications/sunra_logging-0.0.2.gemspec
I, [2014-06-23T14:56:42.863233 #21451]  INFO -- : 0:  timecop (0.7.1) from /usr/local/lib/ruby/gems/2.1.0/specifications/timecop-0.7.1.gemspec
I, [2014-06-23T14:56:42.863410 #21451]  INFO -- : 0:  bundler (1.5.1) from /usr/local/lib/ruby/gems/2.1.0/specifications/bundler-1.5.1.gemspec
I, [2014-06-23T15:11:25.298399 #24124]  INFO -- : 0:  dependor (1.0.1) from /usr/local/lib/ruby/gems/2.1.0/specifications/dependor-1.0.1.gemspec
I, [2014-06-23T15:11:25.298696 #24124]  INFO -- : 0:  bogus (0.1.5) from /usr/local/lib/ruby/gems/2.1.0/specifications/bogus-0.1.5.gemspec
I, [2014-06-23T15:11:25.298917 #24124]  INFO -- : 0:  timers (1.1.0) from /usr/local/lib/ruby/gems/2.1.0/specifications/timers-1.1.0.gemspec
I, [2014-06-23T15:11:25.299114 #24124]  INFO -- : 0:  celluloid (0.15.2) from /usr/local/lib/ruby/gems/2.1.0/specifications/celluloid-0.15.2.gemspec
I, [2014-06-23T15:11:25.299314 #24124]  INFO -- : 0:  coderay (1.1.0) from /usr/local/lib/ruby/gems/2.1.0/specifications/coderay-1.1.0.gemspec
I, [2014-06-23T15:11:25.299503 #24124]  INFO -- : 0:  diff-lcs (1.2.5) from /usr/local/lib/ruby/gems/2.1.0/specifications/diff-lcs-1.2.5.gemspec
I, [2014-06-23T15:11:25.299686 #24124]  INFO -- : 0:  eventmachine (1.0.3) from /usr/local/lib/ruby/gems/2.1.0/specifications/eventmachine-1.0.3.gemspec
I, [2014-06-23T15:11:25.299877 #24124]  INFO -- : 0:  ffi (1.9.3) from /usr/local/lib/ruby/gems/2.1.0/specifications/ffi-1.9.3.gemspec
I, [2014-06-23T15:11:25.300075 #24124]  INFO -- : 0:  formatador (0.2.5) from /usr/local/lib/ruby/gems/2.1.0/specifications/formatador-0.2.5.gemspec
I, [2014-06-23T15:11:25.300258 #24124]  INFO -- : 0:  rb-fsevent (0.9.4) from /usr/local/lib/ruby/gems/2.1.0/specifications/rb-fsevent-0.9.4.gemspec
I, [2014-06-23T15:11:25.300449 #24124]  INFO -- : 0:  rb-inotify (0.9.5) from /usr/local/lib/ruby/gems/2.1.0/specifications/rb-inotify-0.9.5.gemspec
I, [2014-06-23T15:11:25.300709 #24124]  INFO -- : 0:  listen (2.7.9) from /usr/local/lib/ruby/gems/2.1.0/specifications/listen-2.7.9.gemspec
I, [2014-06-23T15:11:25.300919 #24124]  INFO -- : 0:  lumberjack (1.0.7) from /usr/local/lib/ruby/gems/2.1.0/specifications/lumberjack-1.0.7.gemspec
I, [2014-06-23T15:11:25.301109 #24124]  INFO -- : 0:  method_source (0.8.2) from /usr/local/lib/ruby/gems/2.1.0/specifications/method_source-0.8.2.gemspec
I, [2014-06-23T15:11:25.301304 #24124]  INFO -- : 0:  slop (3.5.0) from /usr/local/lib/ruby/gems/2.1.0/specifications/slop-3.5.0.gemspec
I, [2014-06-23T15:11:25.301486 #24124]  INFO -- : 0:  pry (0.9.12.6) from /usr/local/lib/ruby/gems/2.1.0/specifications/pry-0.9.12.6.gemspec
I, [2014-06-23T15:11:25.301683 #24124]  INFO -- : 0:  thor (0.19.1) from /usr/local/lib/ruby/gems/2.1.0/specifications/thor-0.19.1.gemspec
I, [2014-06-23T15:11:25.301891 #24124]  INFO -- : 0:  guard (2.6.1) from /usr/local/lib/ruby/gems/2.1.0/specifications/guard-2.6.1.gemspec
I, [2014-06-23T15:11:25.302071 #24124]  INFO -- : 0:  rspec-support (3.0.2) from /usr/local/lib/ruby/gems/2.1.0/specifications/rspec-support-3.0.2.gemspec
I, [2014-06-23T15:11:25.302270 #24124]  INFO -- : 0:  rspec-core (3.0.2) from /usr/local/lib/ruby/gems/2.1.0/specifications/rspec-core-3.0.2.gemspec
I, [2014-06-23T15:11:25.302457 #24124]  INFO -- : 0:  rspec-expectations (3.0.2) from /usr/local/lib/ruby/gems/2.1.0/specifications/rspec-expectations-3.0.2.gemspec
I, [2014-06-23T15:11:25.302658 #24124]  INFO -- : 0:  rspec-mocks (3.0.2) from /usr/local/lib/ruby/gems/2.1.0/specifications/rspec-mocks-3.0.2.gemspec
I, [2014-06-23T15:11:25.302856 #24124]  INFO -- : 0:  rspec (3.0.0) from /usr/local/lib/ruby/gems/2.1.0/specifications/rspec-3.0.0.gemspec
I, [2014-06-23T15:11:25.303044 #24124]  INFO -- : 0:  guard-rspec (4.2.10) from /usr/local/lib/ruby/gems/2.1.0/specifications/guard-rspec-4.2.10.gemspec
I, [2014-06-23T15:11:25.303235 #24124]  INFO -- : 0:  mime-types (2.3) from /usr/local/lib/ruby/gems/2.1.0/specifications/mime-types-2.3.gemspec
I, [2014-06-23T15:11:25.303425 #24124]  INFO -- : 0:  net-ssh (2.9.1) from /usr/local/lib/ruby/gems/2.1.0/specifications/net-ssh-2.9.1.gemspec
I, [2014-06-23T15:11:25.303614 #24124]  INFO -- : 0:  net-sftp (2.1.2) from /usr/local/lib/ruby/gems/2.1.0/specifications/net-sftp-2.1.2.gemspec
I, [2014-06-23T15:11:25.303792 #24124]  INFO -- : 0:  pry-nav (0.2.3) from /usr/local/lib/ruby/gems/2.1.0/specifications/pry-nav-0.2.3.gemspec
I, [2014-06-23T15:11:25.303992 #24124]  INFO -- : 0:  rack (1.5.2) from /usr/local/lib/ruby/gems/2.1.0/specifications/rack-1.5.2.gemspec
I, [2014-06-23T15:11:25.304187 #24124]  INFO -- : 0:  rack-protection (1.5.3) from /usr/local/lib/ruby/gems/2.1.0/specifications/rack-protection-1.5.3.gemspec
I, [2014-06-23T15:11:25.304356 #24124]  INFO -- : 0:  rest-client (1.6.7) from /usr/local/lib/ruby/gems/2.1.0/specifications/rest-client-1.6.7.gemspec
I, [2014-06-23T15:11:25.304533 #24124]  INFO -- : 0:  rr (1.1.2) from /usr/local/lib/ruby/gems/2.1.0/specifications/rr-1.1.2.gemspec
I, [2014-06-23T15:11:25.304735 #24124]  INFO -- : 0:  tilt (1.4.1) from /usr/local/lib/ruby/gems/2.1.0/specifications/tilt-1.4.1.gemspec
I, [2014-06-23T15:11:25.304905 #24124]  INFO -- : 0:  sinatra (1.4.5) from /usr/local/lib/ruby/gems/2.1.0/specifications/sinatra-1.4.5.gemspec
I, [2014-06-23T15:11:25.305089 #24124]  INFO -- : 0:  sunra_config (0.0.13) from /usr/local/lib/ruby/gems/2.1.0/specifications/sunra_config-0.0.13.gemspec
I, [2014-06-23T15:11:25.305262 #24124]  INFO -- : 0:  sunra_logging (0.0.2) from /usr/local/lib/ruby/gems/2.1.0/specifications/sunra_logging-0.0.2.gemspec
I, [2014-06-23T15:11:25.305434 #24124]  INFO -- : 0:  timecop (0.7.1) from /usr/local/lib/ruby/gems/2.1.0/specifications/timecop-0.7.1.gemspec
I, [2014-06-23T15:11:25.305577 #24124]  INFO -- : 0:  bundler (1.5.1) from /usr/local/lib/ruby/gems/2.1.0/specifications/bundler-1.5.1.gemspec
I, [2014-06-23T15:11:53.181886 #24266]  INFO -- : 0:  dependor (1.0.1) from /usr/local/lib/ruby/gems/2.1.0/specifications/dependor-1.0.1.gemspec
I, [2014-06-23T15:11:53.182174 #24266]  INFO -- : 0:  bogus (0.1.5) from /usr/local/lib/ruby/gems/2.1.0/specifications/bogus-0.1.5.gemspec
I, [2014-06-23T15:11:53.182375 #24266]  INFO -- : 0:  timers (1.1.0) from /usr/local/lib/ruby/gems/2.1.0/specifications/timers-1.1.0.gemspec
I, [2014-06-23T15:11:53.182561 #24266]  INFO -- : 0:  celluloid (0.15.2) from /usr/local/lib/ruby/gems/2.1.0/specifications/celluloid-0.15.2.gemspec
I, [2014-06-23T15:11:53.182743 #24266]  INFO -- : 0:  coderay (1.1.0) from /usr/local/lib/ruby/gems/2.1.0/specifications/coderay-1.1.0.gemspec
I, [2014-06-23T15:11:53.182924 #24266]  INFO -- : 0:  diff-lcs (1.2.5) from /usr/local/lib/ruby/gems/2.1.0/specifications/diff-lcs-1.2.5.gemspec
I, [2014-06-23T15:11:53.183099 #24266]  INFO -- : 0:  eventmachine (1.0.3) from /usr/local/lib/ruby/gems/2.1.0/specifications/eventmachine-1.0.3.gemspec
I, [2014-06-23T15:11:53.183274 #24266]  INFO -- : 0:  ffi (1.9.3) from /usr/local/lib/ruby/gems/2.1.0/specifications/ffi-1.9.3.gemspec
I, [2014-06-23T15:11:53.183453 #24266]  INFO -- : 0:  formatador (0.2.5) from /usr/local/lib/ruby/gems/2.1.0/specifications/formatador-0.2.5.gemspec
I, [2014-06-23T15:11:53.183629 #24266]  INFO -- : 0:  rb-fsevent (0.9.4) from /usr/local/lib/ruby/gems/2.1.0/specifications/rb-fsevent-0.9.4.gemspec
I, [2014-06-23T15:11:53.183810 #24266]  INFO -- : 0:  rb-inotify (0.9.5) from /usr/local/lib/ruby/gems/2.1.0/specifications/rb-inotify-0.9.5.gemspec
I, [2014-06-23T15:11:53.183994 #24266]  INFO -- : 0:  listen (2.7.9) from /usr/local/lib/ruby/gems/2.1.0/specifications/listen-2.7.9.gemspec
I, [2014-06-23T15:11:53.184185 #24266]  INFO -- : 0:  lumberjack (1.0.7) from /usr/local/lib/ruby/gems/2.1.0/specifications/lumberjack-1.0.7.gemspec
I, [2014-06-23T15:11:53.184359 #24266]  INFO -- : 0:  method_source (0.8.2) from /usr/local/lib/ruby/gems/2.1.0/specifications/method_source-0.8.2.gemspec
I, [2014-06-23T15:11:53.184534 #24266]  INFO -- : 0:  slop (3.5.0) from /usr/local/lib/ruby/gems/2.1.0/specifications/slop-3.5.0.gemspec
I, [2014-06-23T15:11:53.184735 #24266]  INFO -- : 0:  pry (0.9.12.6) from /usr/local/lib/ruby/gems/2.1.0/specifications/pry-0.9.12.6.gemspec
I, [2014-06-23T15:11:53.184910 #24266]  INFO -- : 0:  thor (0.19.1) from /usr/local/lib/ruby/gems/2.1.0/specifications/thor-0.19.1.gemspec
I, [2014-06-23T15:11:53.185090 #24266]  INFO -- : 0:  guard (2.6.1) from /usr/local/lib/ruby/gems/2.1.0/specifications/guard-2.6.1.gemspec
I, [2014-06-23T15:11:53.185265 #24266]  INFO -- : 0:  rspec-support (3.0.2) from /usr/local/lib/ruby/gems/2.1.0/specifications/rspec-support-3.0.2.gemspec
I, [2014-06-23T15:11:53.185445 #24266]  INFO -- : 0:  rspec-core (3.0.2) from /usr/local/lib/ruby/gems/2.1.0/specifications/rspec-core-3.0.2.gemspec
I, [2014-06-23T15:11:53.185624 #24266]  INFO -- : 0:  rspec-expectations (3.0.2) from /usr/local/lib/ruby/gems/2.1.0/specifications/rspec-expectations-3.0.2.gemspec
I, [2014-06-23T15:11:53.185803 #24266]  INFO -- : 0:  rspec-mocks (3.0.2) from /usr/local/lib/ruby/gems/2.1.0/specifications/rspec-mocks-3.0.2.gemspec
I, [2014-06-23T15:11:53.185978 #24266]  INFO -- : 0:  rspec (3.0.0) from /usr/local/lib/ruby/gems/2.1.0/specifications/rspec-3.0.0.gemspec
I, [2014-06-23T15:11:53.186177 #24266]  INFO -- : 0:  guard-rspec (4.2.10) from /usr/local/lib/ruby/gems/2.1.0/specifications/guard-rspec-4.2.10.gemspec
I, [2014-06-23T15:11:53.186339 #24266]  INFO -- : 0:  mime-types (2.3) from /usr/local/lib/ruby/gems/2.1.0/specifications/mime-types-2.3.gemspec
I, [2014-06-23T15:11:53.186501 #24266]  INFO -- : 0:  net-ssh (2.9.1) from /usr/local/lib/ruby/gems/2.1.0/specifications/net-ssh-2.9.1.gemspec
I, [2014-06-23T15:11:53.186660 #24266]  INFO -- : 0:  net-sftp (2.1.2) from /usr/local/lib/ruby/gems/2.1.0/specifications/net-sftp-2.1.2.gemspec
I, [2014-06-23T15:11:53.186816 #24266]  INFO -- : 0:  pry-nav (0.2.3) from /usr/local/lib/ruby/gems/2.1.0/specifications/pry-nav-0.2.3.gemspec
I, [2014-06-23T15:11:53.186976 #24266]  INFO -- : 0:  rack (1.5.2) from /usr/local/lib/ruby/gems/2.1.0/specifications/rack-1.5.2.gemspec
I, [2014-06-23T15:11:53.187145 #24266]  INFO -- : 0:  rack-cors (0.2.9) from /usr/local/lib/ruby/gems/2.1.0/specifications/rack-cors-0.2.9.gemspec
I, [2014-06-23T15:11:53.187315 #24266]  INFO -- : 0:  rack-protection (1.5.3) from /usr/local/lib/ruby/gems/2.1.0/specifications/rack-protection-1.5.3.gemspec
I, [2014-06-23T15:11:53.187478 #24266]  INFO -- : 0:  rest-client (1.6.7) from /usr/local/lib/ruby/gems/2.1.0/specifications/rest-client-1.6.7.gemspec
I, [2014-06-23T15:11:53.187640 #24266]  INFO -- : 0:  rr (1.1.2) from /usr/local/lib/ruby/gems/2.1.0/specifications/rr-1.1.2.gemspec
I, [2014-06-23T15:11:53.187799 #24266]  INFO -- : 0:  tilt (1.4.1) from /usr/local/lib/ruby/gems/2.1.0/specifications/tilt-1.4.1.gemspec
I, [2014-06-23T15:11:53.187963 #24266]  INFO -- : 0:  sinatra (1.4.5) from /usr/local/lib/ruby/gems/2.1.0/specifications/sinatra-1.4.5.gemspec
I, [2014-06-23T15:11:53.188139 #24266]  INFO -- : 0:  sunra_config (0.0.13) from /usr/local/lib/ruby/gems/2.1.0/specifications/sunra_config-0.0.13.gemspec
I, [2014-06-23T15:11:53.188305 #24266]  INFO -- : 0:  sunra_logging (0.0.2) from /usr/local/lib/ruby/gems/2.1.0/specifications/sunra_logging-0.0.2.gemspec
I, [2014-06-23T15:11:53.188465 #24266]  INFO -- : 0:  timecop (0.7.1) from /usr/local/lib/ruby/gems/2.1.0/specifications/timecop-0.7.1.gemspec
I, [2014-06-23T15:11:53.188618 #24266]  INFO -- : 0:  bundler (1.5.1) from /usr/local/lib/ruby/gems/2.1.0/specifications/bundler-1.5.1.gemspec
I, [2014-06-23T15:12:04.952023 #24307]  INFO -- : 0:  dependor (1.0.1) from /usr/local/lib/ruby/gems/2.1.0/specifications/dependor-1.0.1.gemspec
I, [2014-06-23T15:12:04.952280 #24307]  INFO -- : 0:  bogus (0.1.5) from /usr/local/lib/ruby/gems/2.1.0/specifications/bogus-0.1.5.gemspec
I, [2014-06-23T15:12:04.952457 #24307]  INFO -- : 0:  timers (1.1.0) from /usr/local/lib/ruby/gems/2.1.0/specifications/timers-1.1.0.gemspec
I, [2014-06-23T15:12:04.952637 #24307]  INFO -- : 0:  celluloid (0.15.2) from /usr/local/lib/ruby/gems/2.1.0/specifications/celluloid-0.15.2.gemspec
I, [2014-06-23T15:12:04.952813 #24307]  INFO -- : 0:  coderay (1.1.0) from /usr/local/lib/ruby/gems/2.1.0/specifications/coderay-1.1.0.gemspec
I, [2014-06-23T15:12:04.952975 #24307]  INFO -- : 0:  diff-lcs (1.2.5) from /usr/local/lib/ruby/gems/2.1.0/specifications/diff-lcs-1.2.5.gemspec
I, [2014-06-23T15:12:04.953137 #24307]  INFO -- : 0:  eventmachine (1.0.3) from /usr/local/lib/ruby/gems/2.1.0/specifications/eventmachine-1.0.3.gemspec
I, [2014-06-23T15:12:04.953294 #24307]  INFO -- : 0:  ffi (1.9.3) from /usr/local/lib/ruby/gems/2.1.0/specifications/ffi-1.9.3.gemspec
I, [2014-06-23T15:12:04.953460 #24307]  INFO -- : 0:  formatador (0.2.5) from /usr/local/lib/ruby/gems/2.1.0/specifications/formatador-0.2.5.gemspec
I, [2014-06-23T15:12:04.953633 #24307]  INFO -- : 0:  rb-fsevent (0.9.4) from /usr/local/lib/ruby/gems/2.1.0/specifications/rb-fsevent-0.9.4.gemspec
I, [2014-06-23T15:12:04.953800 #24307]  INFO -- : 0:  rb-inotify (0.9.5) from /usr/local/lib/ruby/gems/2.1.0/specifications/rb-inotify-0.9.5.gemspec
I, [2014-06-23T15:12:04.953979 #24307]  INFO -- : 0:  listen (2.7.9) from /usr/local/lib/ruby/gems/2.1.0/specifications/listen-2.7.9.gemspec
I, [2014-06-23T15:12:04.954138 #24307]  INFO -- : 0:  lumberjack (1.0.7) from /usr/local/lib/ruby/gems/2.1.0/specifications/lumberjack-1.0.7.gemspec
I, [2014-06-23T15:12:04.954299 #24307]  INFO -- : 0:  method_source (0.8.2) from /usr/local/lib/ruby/gems/2.1.0/specifications/method_source-0.8.2.gemspec
I, [2014-06-23T15:12:04.954478 #24307]  INFO -- : 0:  slop (3.5.0) from /usr/local/lib/ruby/gems/2.1.0/specifications/slop-3.5.0.gemspec
I, [2014-06-23T15:12:04.954639 #24307]  INFO -- : 0:  pry (0.9.12.6) from /usr/local/lib/ruby/gems/2.1.0/specifications/pry-0.9.12.6.gemspec
I, [2014-06-23T15:12:04.954823 #24307]  INFO -- : 0:  thor (0.19.1) from /usr/local/lib/ruby/gems/2.1.0/specifications/thor-0.19.1.gemspec
I, [2014-06-23T15:12:04.955002 #24307]  INFO -- : 0:  guard (2.6.1) from /usr/local/lib/ruby/gems/2.1.0/specifications/guard-2.6.1.gemspec
I, [2014-06-23T15:12:04.955172 #24307]  INFO -- : 0:  rspec-support (3.0.2) from /usr/local/lib/ruby/gems/2.1.0/specifications/rspec-support-3.0.2.gemspec
I, [2014-06-23T15:12:04.955352 #24307]  INFO -- : 0:  rspec-core (3.0.2) from /usr/local/lib/ruby/gems/2.1.0/specifications/rspec-core-3.0.2.gemspec
I, [2014-06-23T15:12:04.955526 #24307]  INFO -- : 0:  rspec-expectations (3.0.2) from /usr/local/lib/ruby/gems/2.1.0/specifications/rspec-expectations-3.0.2.gemspec
I, [2014-06-23T15:12:04.955703 #24307]  INFO -- : 0:  rspec-mocks (3.0.2) from /usr/local/lib/ruby/gems/2.1.0/specifications/rspec-mocks-3.0.2.gemspec
I, [2014-06-23T15:12:04.955872 #24307]  INFO -- : 0:  rspec (3.0.0) from /usr/local/lib/ruby/gems/2.1.0/specifications/rspec-3.0.0.gemspec
I, [2014-06-23T15:12:04.956046 #24307]  INFO -- : 0:  guard-rspec (4.2.10) from /usr/local/lib/ruby/gems/2.1.0/specifications/guard-rspec-4.2.10.gemspec
I, [2014-06-23T15:12:04.956205 #24307]  INFO -- : 0:  mime-types (2.3) from /usr/local/lib/ruby/gems/2.1.0/specifications/mime-types-2.3.gemspec
I, [2014-06-23T15:12:04.956363 #24307]  INFO -- : 0:  net-ssh (2.9.1) from /usr/local/lib/ruby/gems/2.1.0/specifications/net-ssh-2.9.1.gemspec
I, [2014-06-23T15:12:04.956527 #24307]  INFO -- : 0:  net-sftp (2.1.2) from /usr/local/lib/ruby/gems/2.1.0/specifications/net-sftp-2.1.2.gemspec
I, [2014-06-23T15:12:04.956713 #24307]  INFO -- : 0:  pry-nav (0.2.3) from /usr/local/lib/ruby/gems/2.1.0/specifications/pry-nav-0.2.3.gemspec
I, [2014-06-23T15:12:04.956871 #24307]  INFO -- : 0:  rack (1.5.2) from /usr/local/lib/ruby/gems/2.1.0/specifications/rack-1.5.2.gemspec
I, [2014-06-23T15:12:04.957033 #24307]  INFO -- : 0:  rack-cors (0.2.9) from /usr/local/lib/ruby/gems/2.1.0/specifications/rack-cors-0.2.9.gemspec
I, [2014-06-23T15:12:04.957219 #24307]  INFO -- : 0:  rack-protection (1.5.3) from /usr/local/lib/ruby/gems/2.1.0/specifications/rack-protection-1.5.3.gemspec
I, [2014-06-23T15:12:04.957368 #24307]  INFO -- : 0:  rest-client (1.6.7) from /usr/local/lib/ruby/gems/2.1.0/specifications/rest-client-1.6.7.gemspec
I, [2014-06-23T15:12:04.957512 #24307]  INFO -- : 0:  rr (1.1.2) from /usr/local/lib/ruby/gems/2.1.0/specifications/rr-1.1.2.gemspec
I, [2014-06-23T15:12:04.957682 #24307]  INFO -- : 0:  tilt (1.4.1) from /usr/local/lib/ruby/gems/2.1.0/specifications/tilt-1.4.1.gemspec
I, [2014-06-23T15:12:04.957844 #24307]  INFO -- : 0:  sinatra (1.4.5) from /usr/local/lib/ruby/gems/2.1.0/specifications/sinatra-1.4.5.gemspec
I, [2014-06-23T15:12:04.958018 #24307]  INFO -- : 0:  sunra_config (0.0.13) from /usr/local/lib/ruby/gems/2.1.0/specifications/sunra_config-0.0.13.gemspec
I, [2014-06-23T15:12:04.958182 #24307]  INFO -- : 0:  sunra_logging (0.0.2) from /usr/local/lib/ruby/gems/2.1.0/specifications/sunra_logging-0.0.2.gemspec
I, [2014-06-23T15:12:04.958341 #24307]  INFO -- : 0:  timecop (0.7.1) from /usr/local/lib/ruby/gems/2.1.0/specifications/timecop-0.7.1.gemspec
I, [2014-06-23T15:12:04.958489 #24307]  INFO -- : 0:  bundler (1.5.1) from /usr/local/lib/ruby/gems/2.1.0/specifications/bundler-1.5.1.gemspec
I, [2014-06-23T15:14:12.298124 #24779]  INFO -- : 0:  dependor (1.0.1) from /usr/local/lib/ruby/gems/2.1.0/specifications/dependor-1.0.1.gemspec
I, [2014-06-23T15:14:12.298365 #24779]  INFO -- : 0:  bogus (0.1.5) from /usr/local/lib/ruby/gems/2.1.0/specifications/bogus-0.1.5.gemspec
I, [2014-06-23T15:14:12.298536 #24779]  INFO -- : 0:  timers (1.1.0) from /usr/local/lib/ruby/gems/2.1.0/specifications/timers-1.1.0.gemspec
I, [2014-06-23T15:14:12.298697 #24779]  INFO -- : 0:  celluloid (0.15.2) from /usr/local/lib/ruby/gems/2.1.0/specifications/celluloid-0.15.2.gemspec
I, [2014-06-23T15:14:12.298856 #24779]  INFO -- : 0:  coderay (1.1.0) from /usr/local/lib/ruby/gems/2.1.0/specifications/coderay-1.1.0.gemspec
I, [2014-06-23T15:14:12.299012 #24779]  INFO -- : 0:  diff-lcs (1.2.5) from /usr/local/lib/ruby/gems/2.1.0/specifications/diff-lcs-1.2.5.gemspec
I, [2014-06-23T15:14:12.299191 #24779]  INFO -- : 0:  eventmachine (1.0.3) from /usr/local/lib/ruby/gems/2.1.0/specifications/eventmachine-1.0.3.gemspec
I, [2014-06-23T15:14:12.299345 #24779]  INFO -- : 0:  ffi (1.9.3) from /usr/local/lib/ruby/gems/2.1.0/specifications/ffi-1.9.3.gemspec
I, [2014-06-23T15:14:12.299501 #24779]  INFO -- : 0:  formatador (0.2.5) from /usr/local/lib/ruby/gems/2.1.0/specifications/formatador-0.2.5.gemspec
I, [2014-06-23T15:14:12.299742 #24779]  INFO -- : 0:  rb-fsevent (0.9.4) from /usr/local/lib/ruby/gems/2.1.0/specifications/rb-fsevent-0.9.4.gemspec
I, [2014-06-23T15:14:12.299968 #24779]  INFO -- : 0:  rb-inotify (0.9.5) from /usr/local/lib/ruby/gems/2.1.0/specifications/rb-inotify-0.9.5.gemspec
I, [2014-06-23T15:14:12.300169 #24779]  INFO -- : 0:  listen (2.7.9) from /usr/local/lib/ruby/gems/2.1.0/specifications/listen-2.7.9.gemspec
I, [2014-06-23T15:14:12.300336 #24779]  INFO -- : 0:  lumberjack (1.0.7) from /usr/local/lib/ruby/gems/2.1.0/specifications/lumberjack-1.0.7.gemspec
I, [2014-06-23T15:14:12.300519 #24779]  INFO -- : 0:  method_source (0.8.2) from /usr/local/lib/ruby/gems/2.1.0/specifications/method_source-0.8.2.gemspec
I, [2014-06-23T15:14:12.300706 #24779]  INFO -- : 0:  slop (3.5.0) from /usr/local/lib/ruby/gems/2.1.0/specifications/slop-3.5.0.gemspec
I, [2014-06-23T15:14:12.300870 #24779]  INFO -- : 0:  pry (0.9.12.6) from /usr/local/lib/ruby/gems/2.1.0/specifications/pry-0.9.12.6.gemspec
I, [2014-06-23T15:14:12.301121 #24779]  INFO -- : 0:  thor (0.19.1) from /usr/local/lib/ruby/gems/2.1.0/specifications/thor-0.19.1.gemspec
I, [2014-06-23T15:14:12.301308 #24779]  INFO -- : 0:  guard (2.6.1) from /usr/local/lib/ruby/gems/2.1.0/specifications/guard-2.6.1.gemspec
I, [2014-06-23T15:14:12.301532 #24779]  INFO -- : 0:  rspec-support (3.0.2) from /usr/local/lib/ruby/gems/2.1.0/specifications/rspec-support-3.0.2.gemspec
I, [2014-06-23T15:14:12.301708 #24779]  INFO -- : 0:  rspec-core (3.0.2) from /usr/local/lib/ruby/gems/2.1.0/specifications/rspec-core-3.0.2.gemspec
I, [2014-06-23T15:14:12.301863 #24779]  INFO -- : 0:  rspec-expectations (3.0.2) from /usr/local/lib/ruby/gems/2.1.0/specifications/rspec-expectations-3.0.2.gemspec
I, [2014-06-23T15:14:12.302049 #24779]  INFO -- : 0:  rspec-mocks (3.0.2) from /usr/local/lib/ruby/gems/2.1.0/specifications/rspec-mocks-3.0.2.gemspec
I, [2014-06-23T15:14:12.302240 #24779]  INFO -- : 0:  rspec (3.0.0) from /usr/local/lib/ruby/gems/2.1.0/specifications/rspec-3.0.0.gemspec
I, [2014-06-23T15:14:12.302418 #24779]  INFO -- : 0:  guard-rspec (4.2.10) from /usr/local/lib/ruby/gems/2.1.0/specifications/guard-rspec-4.2.10.gemspec
I, [2014-06-23T15:14:12.302587 #24779]  INFO -- : 0:  mime-types (2.3) from /usr/local/lib/ruby/gems/2.1.0/specifications/mime-types-2.3.gemspec
I, [2014-06-23T15:14:12.302749 #24779]  INFO -- : 0:  net-ssh (2.9.1) from /usr/local/lib/ruby/gems/2.1.0/specifications/net-ssh-2.9.1.gemspec
I, [2014-06-23T15:14:12.302922 #24779]  INFO -- : 0:  net-sftp (2.1.2) from /usr/local/lib/ruby/gems/2.1.0/specifications/net-sftp-2.1.2.gemspec
I, [2014-06-23T15:14:12.303091 #24779]  INFO -- : 0:  pry-nav (0.2.3) from /usr/local/lib/ruby/gems/2.1.0/specifications/pry-nav-0.2.3.gemspec
I, [2014-06-23T15:14:12.303263 #24779]  INFO -- : 0:  rack (1.5.2) from /usr/local/lib/ruby/gems/2.1.0/specifications/rack-1.5.2.gemspec
I, [2014-06-23T15:14:12.303424 #24779]  INFO -- : 0:  rack-cors (0.2.9) from /usr/local/lib/ruby/gems/2.1.0/specifications/rack-cors-0.2.9.gemspec
I, [2014-06-23T15:14:12.303619 #24779]  INFO -- : 0:  rack-protection (1.5.3) from /usr/local/lib/ruby/gems/2.1.0/specifications/rack-protection-1.5.3.gemspec
I, [2014-06-23T15:14:12.303784 #24779]  INFO -- : 0:  rest-client (1.6.7) from /usr/local/lib/ruby/gems/2.1.0/specifications/rest-client-1.6.7.gemspec
I, [2014-06-23T15:14:12.303941 #24779]  INFO -- : 0:  rr (1.1.2) from /usr/local/lib/ruby/gems/2.1.0/specifications/rr-1.1.2.gemspec
I, [2014-06-23T15:14:12.304112 #24779]  INFO -- : 0:  tilt (1.4.1) from /usr/local/lib/ruby/gems/2.1.0/specifications/tilt-1.4.1.gemspec
I, [2014-06-23T15:14:12.304287 #24779]  INFO -- : 0:  sinatra (1.4.5) from /usr/local/lib/ruby/gems/2.1.0/specifications/sinatra-1.4.5.gemspec
I, [2014-06-23T15:14:12.304471 #24779]  INFO -- : 0:  sunra_config (0.0.13) from /usr/local/lib/ruby/gems/2.1.0/specifications/sunra_config-0.0.13.gemspec
I, [2014-06-23T15:14:12.304697 #24779]  INFO -- : 0:  sunra_logging (0.0.2) from /usr/local/lib/ruby/gems/2.1.0/specifications/sunra_logging-0.0.2.gemspec
I, [2014-06-23T15:14:12.304890 #24779]  INFO -- : 0:  timecop (0.7.1) from /usr/local/lib/ruby/gems/2.1.0/specifications/timecop-0.7.1.gemspec
I, [2014-06-23T15:14:12.305054 #24779]  INFO -- : 0:  bundler (1.5.1) from /usr/local/lib/ruby/gems/2.1.0/specifications/bundler-1.5.1.gemspec
I, [2014-08-06T17:46:15.552279 #25088]  INFO -- : 0:  dependor (1.0.1) from /usr/local/lib/ruby/gems/2.1.0/specifications/dependor-1.0.1.gemspec
I, [2014-08-06T17:46:15.578336 #25088]  INFO -- : 0:  bogus (0.1.5) from /usr/local/lib/ruby/gems/2.1.0/specifications/bogus-0.1.5.gemspec
I, [2014-08-06T17:46:15.578542 #25088]  INFO -- : 0:  timers (1.1.0) from /usr/local/lib/ruby/gems/2.1.0/specifications/timers-1.1.0.gemspec
I, [2014-08-06T17:46:15.578898 #25088]  INFO -- : 0:  celluloid (0.15.2) from /usr/local/lib/ruby/gems/2.1.0/specifications/celluloid-0.15.2.gemspec
I, [2014-08-06T17:46:15.579092 #25088]  INFO -- : 0:  coderay (1.1.0) from /usr/local/lib/ruby/gems/2.1.0/specifications/coderay-1.1.0.gemspec
I, [2014-08-06T17:46:15.579273 #25088]  INFO -- : 0:  diff-lcs (1.2.5) from /usr/local/lib/ruby/gems/2.1.0/specifications/diff-lcs-1.2.5.gemspec
I, [2014-08-06T17:46:15.579439 #25088]  INFO -- : 0:  eventmachine (1.0.3) from /usr/local/lib/ruby/gems/2.1.0/specifications/eventmachine-1.0.3.gemspec
I, [2014-08-06T17:46:15.579615 #25088]  INFO -- : 0:  ffi (1.9.3) from /usr/local/lib/ruby/gems/2.1.0/specifications/ffi-1.9.3.gemspec
I, [2014-08-06T17:46:15.579797 #25088]  INFO -- : 0:  formatador (0.2.5) from /usr/local/lib/ruby/gems/2.1.0/specifications/formatador-0.2.5.gemspec
I, [2014-08-06T17:46:15.579960 #25088]  INFO -- : 0:  rb-fsevent (0.9.4) from /usr/local/lib/ruby/gems/2.1.0/specifications/rb-fsevent-0.9.4.gemspec
I, [2014-08-06T17:46:15.580132 #25088]  INFO -- : 0:  rb-inotify (0.9.5) from /usr/local/lib/ruby/gems/2.1.0/specifications/rb-inotify-0.9.5.gemspec
I, [2014-08-06T17:46:15.580306 #25088]  INFO -- : 0:  listen (2.7.9) from /usr/local/lib/ruby/gems/2.1.0/specifications/listen-2.7.9.gemspec
I, [2014-08-06T17:46:15.580507 #25088]  INFO -- : 0:  lumberjack (1.0.9) from /usr/local/lib/ruby/gems/2.1.0/specifications/lumberjack-1.0.9.gemspec
I, [2014-08-06T17:46:15.580684 #25088]  INFO -- : 0:  method_source (0.8.2) from /usr/local/lib/ruby/gems/2.1.0/specifications/method_source-0.8.2.gemspec
I, [2014-08-06T17:46:15.580851 #25088]  INFO -- : 0:  slop (3.6.0) from /usr/local/lib/ruby/gems/2.1.0/specifications/slop-3.6.0.gemspec
I, [2014-08-06T17:46:15.581019 #25088]  INFO -- : 0:  pry (0.10.0) from /usr/local/lib/ruby/gems/2.1.0/specifications/pry-0.10.0.gemspec
I, [2014-08-06T17:46:15.581189 #25088]  INFO -- : 0:  thor (0.19.1) from /usr/local/lib/ruby/gems/2.1.0/specifications/thor-0.19.1.gemspec
I, [2014-08-06T17:46:15.581358 #25088]  INFO -- : 0:  guard (2.6.1) from /usr/local/lib/ruby/gems/2.1.0/specifications/guard-2.6.1.gemspec
I, [2014-08-06T17:46:15.581527 #25088]  INFO -- : 0:  rspec-support (3.0.3) from /usr/local/lib/ruby/gems/2.1.0/specifications/rspec-support-3.0.3.gemspec
I, [2014-08-06T17:46:15.581700 #25088]  INFO -- : 0:  rspec-core (3.0.3) from /usr/local/lib/ruby/gems/2.1.0/specifications/rspec-core-3.0.3.gemspec
I, [2014-08-06T17:46:15.581872 #25088]  INFO -- : 0:  rspec-expectations (3.0.3) from /usr/local/lib/ruby/gems/2.1.0/specifications/rspec-expectations-3.0.3.gemspec
I, [2014-08-06T17:46:15.582053 #25088]  INFO -- : 0:  rspec-mocks (3.0.3) from /usr/local/lib/ruby/gems/2.1.0/specifications/rspec-mocks-3.0.3.gemspec
I, [2014-08-06T17:46:15.582220 #25088]  INFO -- : 0:  rspec (3.0.0) from /usr/local/lib/ruby/gems/2.1.0/specifications/rspec-3.0.0.gemspec
I, [2014-08-06T17:46:16.780765 #25088]  INFO -- : 0:  guard-rspec (4.3.1) from /usr/local/lib/ruby/gems/2.1.0/specifications/guard-rspec-4.3.1.gemspec
I, [2014-08-06T17:46:16.785232 #25088]  INFO -- : 0:  mime-types (2.3) from /usr/local/lib/ruby/gems/2.1.0/specifications/mime-types-2.3.gemspec
I, [2014-08-06T17:46:16.785435 #25088]  INFO -- : 0:  net-ssh (2.9.1) from /usr/local/lib/ruby/gems/2.1.0/specifications/net-ssh-2.9.1.gemspec
I, [2014-08-06T17:46:16.785625 #25088]  INFO -- : 0:  net-sftp (2.1.2) from /usr/local/lib/ruby/gems/2.1.0/specifications/net-sftp-2.1.2.gemspec
I, [2014-08-06T17:46:17.903429 #25088]  INFO -- : 0:  netrc (0.7.7) from /usr/local/lib/ruby/gems/2.1.0/specifications/netrc-0.7.7.gemspec
I, [2014-08-06T17:46:17.904296 #25088]  INFO -- : 0:  pry-nav (0.2.4) from /usr/local/lib/ruby/gems/2.1.0/specifications/pry-nav-0.2.4.gemspec
I, [2014-08-06T17:46:17.904527 #25088]  INFO -- : 0:  rack (1.5.2) from /usr/local/lib/ruby/gems/2.1.0/specifications/rack-1.5.2.gemspec
I, [2014-08-06T17:46:17.904877 #25088]  INFO -- : 0:  rack-cors (0.2.9) from /usr/local/lib/ruby/gems/2.1.0/specifications/rack-cors-0.2.9.gemspec
I, [2014-08-06T17:46:17.905054 #25088]  INFO -- : 0:  rack-protection (1.5.3) from /usr/local/lib/ruby/gems/2.1.0/specifications/rack-protection-1.5.3.gemspec
I, [2014-08-06T17:46:20.420605 #25088]  INFO -- : 0:  rest-client (1.7.2) from /usr/local/lib/ruby/gems/2.1.0/specifications/rest-client-1.7.2.gemspec
I, [2014-08-06T17:46:20.422454 #25088]  INFO -- : 0:  rr (1.1.2) from /usr/local/lib/ruby/gems/2.1.0/specifications/rr-1.1.2.gemspec
I, [2014-08-06T17:46:20.422668 #25088]  INFO -- : 0:  tilt (1.4.1) from /usr/local/lib/ruby/gems/2.1.0/specifications/tilt-1.4.1.gemspec
I, [2014-08-06T17:46:20.422861 #25088]  INFO -- : 0:  sinatra (1.4.5) from /usr/local/lib/ruby/gems/2.1.0/specifications/sinatra-1.4.5.gemspec
I, [2014-08-06T17:46:20.423058 #25088]  INFO -- : 0:  sunra_config (0.0.15) from /usr/local/lib/ruby/gems/2.1.0/specifications/sunra_config-0.0.15.gemspec
I, [2014-08-06T17:46:20.423251 #25088]  INFO -- : 0:  sunra_logging (0.0.2) from /usr/local/lib/ruby/gems/2.1.0/specifications/sunra_logging-0.0.2.gemspec
I, [2014-08-06T17:46:20.423423 #25088]  INFO -- : 0:  timecop (0.7.1) from /usr/local/lib/ruby/gems/2.1.0/specifications/timecop-0.7.1.gemspec
I, [2014-08-06T17:46:20.423595 #25088]  INFO -- : 0:  bundler (1.5.1) from /usr/local/lib/ruby/gems/2.1.0/specifications/bundler-1.5.1.gemspec
I, [2014-08-06T17:49:16.576366 #25971]  INFO -- : 0:  dependor (1.0.1) from /usr/local/lib/ruby/gems/2.1.0/specifications/dependor-1.0.1.gemspec
I, [2014-08-06T17:49:16.576705 #25971]  INFO -- : 0:  bogus (0.1.5) from /usr/local/lib/ruby/gems/2.1.0/specifications/bogus-0.1.5.gemspec
I, [2014-08-06T17:49:16.576931 #25971]  INFO -- : 0:  timers (1.1.0) from /usr/local/lib/ruby/gems/2.1.0/specifications/timers-1.1.0.gemspec
I, [2014-08-06T17:49:16.577129 #25971]  INFO -- : 0:  celluloid (0.15.2) from /usr/local/lib/ruby/gems/2.1.0/specifications/celluloid-0.15.2.gemspec
I, [2014-08-06T17:49:16.577325 #25971]  INFO -- : 0:  coderay (1.1.0) from /usr/local/lib/ruby/gems/2.1.0/specifications/coderay-1.1.0.gemspec
I, [2014-08-06T17:49:16.577520 #25971]  INFO -- : 0:  diff-lcs (1.2.5) from /usr/local/lib/ruby/gems/2.1.0/specifications/diff-lcs-1.2.5.gemspec
I, [2014-08-06T17:49:16.577711 #25971]  INFO -- : 0:  eventmachine (1.0.3) from /usr/local/lib/ruby/gems/2.1.0/specifications/eventmachine-1.0.3.gemspec
I, [2014-08-06T17:49:16.577894 #25971]  INFO -- : 0:  ffi (1.9.3) from /usr/local/lib/ruby/gems/2.1.0/specifications/ffi-1.9.3.gemspec
I, [2014-08-06T17:49:16.578099 #25971]  INFO -- : 0:  formatador (0.2.5) from /usr/local/lib/ruby/gems/2.1.0/specifications/formatador-0.2.5.gemspec
I, [2014-08-06T17:49:16.578282 #25971]  INFO -- : 0:  rb-fsevent (0.9.4) from /usr/local/lib/ruby/gems/2.1.0/specifications/rb-fsevent-0.9.4.gemspec
I, [2014-08-06T17:49:16.578475 #25971]  INFO -- : 0:  rb-inotify (0.9.5) from /usr/local/lib/ruby/gems/2.1.0/specifications/rb-inotify-0.9.5.gemspec
I, [2014-08-06T17:49:16.578671 #25971]  INFO -- : 0:  listen (2.7.9) from /usr/local/lib/ruby/gems/2.1.0/specifications/listen-2.7.9.gemspec
I, [2014-08-06T17:49:16.578859 #25971]  INFO -- : 0:  lumberjack (1.0.9) from /usr/local/lib/ruby/gems/2.1.0/specifications/lumberjack-1.0.9.gemspec
I, [2014-08-06T17:49:16.579052 #25971]  INFO -- : 0:  method_source (0.8.2) from /usr/local/lib/ruby/gems/2.1.0/specifications/method_source-0.8.2.gemspec
I, [2014-08-06T17:49:16.579245 #25971]  INFO -- : 0:  slop (3.6.0) from /usr/local/lib/ruby/gems/2.1.0/specifications/slop-3.6.0.gemspec
I, [2014-08-06T17:49:16.579451 #25971]  INFO -- : 0:  pry (0.10.0) from /usr/local/lib/ruby/gems/2.1.0/specifications/pry-0.10.0.gemspec
I, [2014-08-06T17:49:16.579637 #25971]  INFO -- : 0:  thor (0.19.1) from /usr/local/lib/ruby/gems/2.1.0/specifications/thor-0.19.1.gemspec
I, [2014-08-06T17:49:16.579828 #25971]  INFO -- : 0:  guard (2.6.1) from /usr/local/lib/ruby/gems/2.1.0/specifications/guard-2.6.1.gemspec
I, [2014-08-06T17:49:16.580017 #25971]  INFO -- : 0:  rspec-support (3.0.3) from /usr/local/lib/ruby/gems/2.1.0/specifications/rspec-support-3.0.3.gemspec
I, [2014-08-06T17:49:16.580226 #25971]  INFO -- : 0:  rspec-core (3.0.3) from /usr/local/lib/ruby/gems/2.1.0/specifications/rspec-core-3.0.3.gemspec
I, [2014-08-06T17:49:16.580422 #25971]  INFO -- : 0:  rspec-expectations (3.0.3) from /usr/local/lib/ruby/gems/2.1.0/specifications/rspec-expectations-3.0.3.gemspec
I, [2014-08-06T17:49:16.580636 #25971]  INFO -- : 0:  rspec-mocks (3.0.3) from /usr/local/lib/ruby/gems/2.1.0/specifications/rspec-mocks-3.0.3.gemspec
I, [2014-08-06T17:49:16.580840 #25971]  INFO -- : 0:  rspec (3.0.0) from /usr/local/lib/ruby/gems/2.1.0/specifications/rspec-3.0.0.gemspec
I, [2014-08-06T17:49:16.581051 #25971]  INFO -- : 0:  guard-rspec (4.3.1) from /usr/local/lib/ruby/gems/2.1.0/specifications/guard-rspec-4.3.1.gemspec
I, [2014-08-06T17:49:16.581246 #25971]  INFO -- : 0:  mime-types (2.3) from /usr/local/lib/ruby/gems/2.1.0/specifications/mime-types-2.3.gemspec
I, [2014-08-06T17:49:16.581434 #25971]  INFO -- : 0:  net-ssh (2.9.1) from /usr/local/lib/ruby/gems/2.1.0/specifications/net-ssh-2.9.1.gemspec
I, [2014-08-06T17:49:16.581616 #25971]  INFO -- : 0:  net-sftp (2.1.2) from /usr/local/lib/ruby/gems/2.1.0/specifications/net-sftp-2.1.2.gemspec
I, [2014-08-06T17:49:16.581817 #25971]  INFO -- : 0:  netrc (0.7.7) from /usr/local/lib/ruby/gems/2.1.0/specifications/netrc-0.7.7.gemspec
I, [2014-08-06T17:49:16.582014 #25971]  INFO -- : 0:  pry-nav (0.2.4) from /usr/local/lib/ruby/gems/2.1.0/specifications/pry-nav-0.2.4.gemspec
I, [2014-08-06T17:49:16.582199 #25971]  INFO -- : 0:  rack (1.5.2) from /usr/local/lib/ruby/gems/2.1.0/specifications/rack-1.5.2.gemspec
I, [2014-08-06T17:49:16.582383 #25971]  INFO -- : 0:  rack-cors (0.2.9) from /usr/local/lib/ruby/gems/2.1.0/specifications/rack-cors-0.2.9.gemspec
I, [2014-08-06T17:49:16.582572 #25971]  INFO -- : 0:  rack-protection (1.5.3) from /usr/local/lib/ruby/gems/2.1.0/specifications/rack-protection-1.5.3.gemspec
I, [2014-08-06T17:49:16.582747 #25971]  INFO -- : 0:  rest-client (1.7.2) from /usr/local/lib/ruby/gems/2.1.0/specifications/rest-client-1.7.2.gemspec
I, [2014-08-06T17:49:16.582916 #25971]  INFO -- : 0:  rr (1.1.2) from /usr/local/lib/ruby/gems/2.1.0/specifications/rr-1.1.2.gemspec
I, [2014-08-06T17:49:16.583090 #25971]  INFO -- : 0:  tilt (1.4.1) from /usr/local/lib/ruby/gems/2.1.0/specifications/tilt-1.4.1.gemspec
I, [2014-08-06T17:49:16.583273 #25971]  INFO -- : 0:  sinatra (1.4.5) from /usr/local/lib/ruby/gems/2.1.0/specifications/sinatra-1.4.5.gemspec
I, [2014-08-06T17:49:16.583465 #25971]  INFO -- : 0:  sunra_config (0.0.15) from /usr/local/lib/ruby/gems/2.1.0/specifications/sunra_config-0.0.15.gemspec
I, [2014-08-06T17:49:16.583638 #25971]  INFO -- : 0:  sunra_logging (0.0.2) from /usr/local/lib/ruby/gems/2.1.0/specifications/sunra_logging-0.0.2.gemspec
I, [2014-08-06T17:49:16.583820 #25971]  INFO -- : 0:  timecop (0.7.1) from /usr/local/lib/ruby/gems/2.1.0/specifications/timecop-0.7.1.gemspec
I, [2014-08-06T17:49:16.583971 #25971]  INFO -- : 0:  bundler (1.5.1) from /usr/local/lib/ruby/gems/2.1.0/specifications/bundler-1.5.1.gemspec
I, [2014-08-06T17:49:35.851632 #26011]  INFO -- : 0:  dependor (1.0.1) from /usr/local/lib/ruby/gems/2.1.0/specifications/dependor-1.0.1.gemspec
I, [2014-08-06T17:49:35.851885 #26011]  INFO -- : 0:  bogus (0.1.5) from /usr/local/lib/ruby/gems/2.1.0/specifications/bogus-0.1.5.gemspec
I, [2014-08-06T17:49:35.852090 #26011]  INFO -- : 0:  timers (1.1.0) from /usr/local/lib/ruby/gems/2.1.0/specifications/timers-1.1.0.gemspec
I, [2014-08-06T17:49:35.852258 #26011]  INFO -- : 0:  celluloid (0.15.2) from /usr/local/lib/ruby/gems/2.1.0/specifications/celluloid-0.15.2.gemspec
I, [2014-08-06T17:49:35.852424 #26011]  INFO -- : 0:  coderay (1.1.0) from /usr/local/lib/ruby/gems/2.1.0/specifications/coderay-1.1.0.gemspec
I, [2014-08-06T17:49:35.852610 #26011]  INFO -- : 0:  diff-lcs (1.2.5) from /usr/local/lib/ruby/gems/2.1.0/specifications/diff-lcs-1.2.5.gemspec
I, [2014-08-06T17:49:35.852799 #26011]  INFO -- : 0:  eventmachine (1.0.3) from /usr/local/lib/ruby/gems/2.1.0/specifications/eventmachine-1.0.3.gemspec
I, [2014-08-06T17:49:35.852961 #26011]  INFO -- : 0:  ffi (1.9.3) from /usr/local/lib/ruby/gems/2.1.0/specifications/ffi-1.9.3.gemspec
I, [2014-08-06T17:49:35.853133 #26011]  INFO -- : 0:  formatador (0.2.5) from /usr/local/lib/ruby/gems/2.1.0/specifications/formatador-0.2.5.gemspec
I, [2014-08-06T17:49:35.853296 #26011]  INFO -- : 0:  rb-fsevent (0.9.4) from /usr/local/lib/ruby/gems/2.1.0/specifications/rb-fsevent-0.9.4.gemspec
I, [2014-08-06T17:49:35.853471 #26011]  INFO -- : 0:  rb-inotify (0.9.5) from /usr/local/lib/ruby/gems/2.1.0/specifications/rb-inotify-0.9.5.gemspec
I, [2014-08-06T17:49:35.853662 #26011]  INFO -- : 0:  listen (2.7.9) from /usr/local/lib/ruby/gems/2.1.0/specifications/listen-2.7.9.gemspec
I, [2014-08-06T17:49:35.853837 #26011]  INFO -- : 0:  lumberjack (1.0.9) from /usr/local/lib/ruby/gems/2.1.0/specifications/lumberjack-1.0.9.gemspec
I, [2014-08-06T17:49:35.853998 #26011]  INFO -- : 0:  method_source (0.8.2) from /usr/local/lib/ruby/gems/2.1.0/specifications/method_source-0.8.2.gemspec
I, [2014-08-06T17:49:35.854161 #26011]  INFO -- : 0:  slop (3.6.0) from /usr/local/lib/ruby/gems/2.1.0/specifications/slop-3.6.0.gemspec
I, [2014-08-06T17:49:35.854326 #26011]  INFO -- : 0:  pry (0.10.0) from /usr/local/lib/ruby/gems/2.1.0/specifications/pry-0.10.0.gemspec
I, [2014-08-06T17:49:35.854498 #26011]  INFO -- : 0:  thor (0.19.1) from /usr/local/lib/ruby/gems/2.1.0/specifications/thor-0.19.1.gemspec
I, [2014-08-06T17:49:35.854665 #26011]  INFO -- : 0:  guard (2.6.1) from /usr/local/lib/ruby/gems/2.1.0/specifications/guard-2.6.1.gemspec
I, [2014-08-06T17:49:35.854831 #26011]  INFO -- : 0:  rspec-support (3.0.3) from /usr/local/lib/ruby/gems/2.1.0/specifications/rspec-support-3.0.3.gemspec
I, [2014-08-06T17:49:35.855028 #26011]  INFO -- : 0:  rspec-core (3.0.3) from /usr/local/lib/ruby/gems/2.1.0/specifications/rspec-core-3.0.3.gemspec
I, [2014-08-06T17:49:35.855199 #26011]  INFO -- : 0:  rspec-expectations (3.0.3) from /usr/local/lib/ruby/gems/2.1.0/specifications/rspec-expectations-3.0.3.gemspec
I, [2014-08-06T17:49:35.855367 #26011]  INFO -- : 0:  rspec-mocks (3.0.3) from /usr/local/lib/ruby/gems/2.1.0/specifications/rspec-mocks-3.0.3.gemspec
I, [2014-08-06T17:49:35.855536 #26011]  INFO -- : 0:  rspec (3.0.0) from /usr/local/lib/ruby/gems/2.1.0/specifications/rspec-3.0.0.gemspec
I, [2014-08-06T17:49:35.855706 #26011]  INFO -- : 0:  guard-rspec (4.3.1) from /usr/local/lib/ruby/gems/2.1.0/specifications/guard-rspec-4.3.1.gemspec
I, [2014-08-06T17:49:35.855877 #26011]  INFO -- : 0:  mime-types (2.3) from /usr/local/lib/ruby/gems/2.1.0/specifications/mime-types-2.3.gemspec
I, [2014-08-06T17:49:35.856042 #26011]  INFO -- : 0:  net-ssh (2.9.1) from /usr/local/lib/ruby/gems/2.1.0/specifications/net-ssh-2.9.1.gemspec
I, [2014-08-06T17:49:35.856187 #26011]  INFO -- : 0:  net-sftp (2.1.2) from /usr/local/lib/ruby/gems/2.1.0/specifications/net-sftp-2.1.2.gemspec
I, [2014-08-06T17:49:35.856335 #26011]  INFO -- : 0:  netrc (0.7.7) from /usr/local/lib/ruby/gems/2.1.0/specifications/netrc-0.7.7.gemspec
I, [2014-08-06T17:49:35.856494 #26011]  INFO -- : 0:  pry-nav (0.2.4) from /usr/local/lib/ruby/gems/2.1.0/specifications/pry-nav-0.2.4.gemspec
I, [2014-08-06T17:49:35.856671 #26011]  INFO -- : 0:  rack (1.5.2) from /usr/local/lib/ruby/gems/2.1.0/specifications/rack-1.5.2.gemspec
I, [2014-08-06T17:49:35.856822 #26011]  INFO -- : 0:  rack-cors (0.2.9) from /usr/local/lib/ruby/gems/2.1.0/specifications/rack-cors-0.2.9.gemspec
I, [2014-08-06T17:49:35.856983 #26011]  INFO -- : 0:  rack-protection (1.5.3) from /usr/local/lib/ruby/gems/2.1.0/specifications/rack-protection-1.5.3.gemspec
I, [2014-08-06T17:49:35.857134 #26011]  INFO -- : 0:  rest-client (1.7.2) from /usr/local/lib/ruby/gems/2.1.0/specifications/rest-client-1.7.2.gemspec
I, [2014-08-06T17:49:35.857278 #26011]  INFO -- : 0:  rr (1.1.2) from /usr/local/lib/ruby/gems/2.1.0/specifications/rr-1.1.2.gemspec
I, [2014-08-06T17:49:35.857438 #26011]  INFO -- : 0:  tilt (1.4.1) from /usr/local/lib/ruby/gems/2.1.0/specifications/tilt-1.4.1.gemspec
I, [2014-08-06T17:49:35.857589 #26011]  INFO -- : 0:  sinatra (1.4.5) from /usr/local/lib/ruby/gems/2.1.0/specifications/sinatra-1.4.5.gemspec
I, [2014-08-06T17:49:35.857760 #26011]  INFO -- : 0:  sunra_config (0.0.16) from /usr/local/lib/ruby/gems/2.1.0/specifications/sunra_config-0.0.16.gemspec
I, [2014-08-06T17:49:35.857906 #26011]  INFO -- : 0:  sunra_logging (0.0.2) from /usr/local/lib/ruby/gems/2.1.0/specifications/sunra_logging-0.0.2.gemspec
I, [2014-08-06T17:49:35.858054 #26011]  INFO -- : 0:  timecop (0.7.1) from /usr/local/lib/ruby/gems/2.1.0/specifications/timecop-0.7.1.gemspec
I, [2014-08-06T17:49:35.858200 #26011]  INFO -- : 0:  bundler (1.5.1) from /usr/local/lib/ruby/gems/2.1.0/specifications/bundler-1.5.1.gemspec
I, [2014-10-15T11:11:44.284950 #23564]  INFO -- : 0:  dependor (1.0.1) from /usr/local/lib/ruby/gems/2.1.0/specifications/dependor-1.0.1.gemspec
I, [2014-10-15T11:11:44.309431 #23564]  INFO -- : 0:  bogus (0.1.5) from /usr/local/lib/ruby/gems/2.1.0/specifications/bogus-0.1.5.gemspec
I, [2014-10-15T11:11:44.309623 #23564]  INFO -- : 0:  hitimes (1.2.2) from /usr/local/lib/ruby/gems/2.1.0/specifications/hitimes-1.2.2.gemspec
I, [2014-10-15T11:11:44.309778 #23564]  INFO -- : 0:  timers (4.0.1) from /usr/local/lib/ruby/gems/2.1.0/specifications/timers-4.0.1.gemspec
I, [2014-10-15T11:11:44.309929 #23564]  INFO -- : 0:  celluloid (0.16.0) from /usr/local/lib/ruby/gems/2.1.0/specifications/celluloid-0.16.0.gemspec
I, [2014-10-15T11:11:44.310079 #23564]  INFO -- : 0:  coderay (1.1.0) from /usr/local/lib/ruby/gems/2.1.0/specifications/coderay-1.1.0.gemspec
I, [2014-10-15T11:11:44.310227 #23564]  INFO -- : 0:  diff-lcs (1.2.5) from /usr/local/lib/ruby/gems/2.1.0/specifications/diff-lcs-1.2.5.gemspec
I, [2014-10-15T11:11:44.310377 #23564]  INFO -- : 0:  eventmachine (1.0.3) from /usr/local/lib/ruby/gems/2.1.0/specifications/eventmachine-1.0.3.gemspec
I, [2014-10-15T11:11:44.310537 #23564]  INFO -- : 0:  ffi (1.9.6) from /usr/local/lib/ruby/gems/2.1.0/specifications/ffi-1.9.6.gemspec
I, [2014-10-15T11:11:44.310688 #23564]  INFO -- : 0:  formatador (0.2.5) from /usr/local/lib/ruby/gems/2.1.0/specifications/formatador-0.2.5.gemspec
I, [2014-10-15T11:11:44.310839 #23564]  INFO -- : 0:  rb-fsevent (0.9.4) from /usr/local/lib/ruby/gems/2.1.0/specifications/rb-fsevent-0.9.4.gemspec
I, [2014-10-15T11:11:44.310996 #23564]  INFO -- : 0:  rb-inotify (0.9.5) from /usr/local/lib/ruby/gems/2.1.0/specifications/rb-inotify-0.9.5.gemspec
I, [2014-10-15T11:11:44.311180 #23564]  INFO -- : 0:  listen (2.7.11) from /usr/local/lib/ruby/gems/2.1.0/specifications/listen-2.7.11.gemspec
I, [2014-10-15T11:11:44.311353 #23564]  INFO -- : 0:  lumberjack (1.0.9) from /usr/local/lib/ruby/gems/2.1.0/specifications/lumberjack-1.0.9.gemspec
I, [2014-10-15T11:11:44.311529 #23564]  INFO -- : 0:  method_source (0.8.2) from /usr/local/lib/ruby/gems/2.1.0/specifications/method_source-0.8.2.gemspec
I, [2014-10-15T11:11:44.311672 #23564]  INFO -- : 0:  slop (3.6.0) from /usr/local/lib/ruby/gems/2.1.0/specifications/slop-3.6.0.gemspec
I, [2014-10-15T11:11:44.311818 #23564]  INFO -- : 0:  pry (0.10.1) from /usr/local/lib/ruby/gems/2.1.0/specifications/pry-0.10.1.gemspec
I, [2014-10-15T11:11:44.311957 #23564]  INFO -- : 0:  thor (0.19.1) from /usr/local/lib/ruby/gems/2.1.0/specifications/thor-0.19.1.gemspec
I, [2014-10-15T11:11:44.312106 #23564]  INFO -- : 0:  guard (2.6.1) from /usr/local/lib/ruby/gems/2.1.0/specifications/guard-2.6.1.gemspec
I, [2014-10-15T11:11:44.312253 #23564]  INFO -- : 0:  rspec-support (3.1.2) from /usr/local/lib/ruby/gems/2.1.0/specifications/rspec-support-3.1.2.gemspec
I, [2014-10-15T11:11:44.312407 #23564]  INFO -- : 0:  rspec-core (3.1.7) from /usr/local/lib/ruby/gems/2.1.0/specifications/rspec-core-3.1.7.gemspec
I, [2014-10-15T11:11:44.312558 #23564]  INFO -- : 0:  rspec-expectations (3.1.2) from /usr/local/lib/ruby/gems/2.1.0/specifications/rspec-expectations-3.1.2.gemspec
I, [2014-10-15T11:11:44.312716 #23564]  INFO -- : 0:  rspec-mocks (3.1.3) from /usr/local/lib/ruby/gems/2.1.0/specifications/rspec-mocks-3.1.3.gemspec
I, [2014-10-15T11:11:44.312856 #23564]  INFO -- : 0:  rspec (3.1.0) from /usr/local/lib/ruby/gems/2.1.0/specifications/rspec-3.1.0.gemspec
I, [2014-10-15T11:11:44.313000 #23564]  INFO -- : 0:  guard-rspec (4.3.1) from /usr/local/lib/ruby/gems/2.1.0/specifications/guard-rspec-4.3.1.gemspec
I, [2014-10-15T11:11:44.313153 #23564]  INFO -- : 0:  mime-types (2.4.1) from /usr/local/lib/ruby/gems/2.1.0/specifications/mime-types-2.4.1.gemspec
I, [2014-10-15T11:11:44.313306 #23564]  INFO -- : 0:  net-ssh (2.9.1) from /usr/local/lib/ruby/gems/2.1.0/specifications/net-ssh-2.9.1.gemspec
I, [2014-10-15T11:11:44.313455 #23564]  INFO -- : 0:  net-sftp (2.1.2) from /usr/local/lib/ruby/gems/2.1.0/specifications/net-sftp-2.1.2.gemspec
I, [2014-10-15T11:11:44.313603 #23564]  INFO -- : 0:  netrc (0.7.7) from /usr/local/lib/ruby/gems/2.1.0/specifications/netrc-0.7.7.gemspec
I, [2014-10-15T11:11:44.313741 #23564]  INFO -- : 0:  pry-nav (0.2.4) from /usr/local/lib/ruby/gems/2.1.0/specifications/pry-nav-0.2.4.gemspec
I, [2014-10-15T11:11:44.313907 #23564]  INFO -- : 0:  rack (1.5.2) from /usr/local/lib/ruby/gems/2.1.0/specifications/rack-1.5.2.gemspec
I, [2014-10-15T11:11:44.314073 #23564]  INFO -- : 0:  rack-cors (0.2.9) from /usr/local/lib/ruby/gems/2.1.0/specifications/rack-cors-0.2.9.gemspec
I, [2014-10-15T11:11:44.314234 #23564]  INFO -- : 0:  rack-protection (1.5.3) from /usr/local/lib/ruby/gems/2.1.0/specifications/rack-protection-1.5.3.gemspec
I, [2014-10-15T11:11:44.314373 #23564]  INFO -- : 0:  rest-client (1.7.2) from /usr/local/lib/ruby/gems/2.1.0/specifications/rest-client-1.7.2.gemspec
I, [2014-10-15T11:11:44.314511 #23564]  INFO -- : 0:  rr (1.1.2) from /usr/local/lib/ruby/gems/2.1.0/specifications/rr-1.1.2.gemspec
I, [2014-10-15T11:11:44.314663 #23564]  INFO -- : 0:  tilt (1.4.1) from /usr/local/lib/ruby/gems/2.1.0/specifications/tilt-1.4.1.gemspec
I, [2014-10-15T11:11:44.314805 #23564]  INFO -- : 0:  sinatra (1.4.5) from /usr/local/lib/ruby/gems/2.1.0/specifications/sinatra-1.4.5.gemspec
I, [2014-10-15T11:11:44.314954 #23564]  INFO -- : 0:  sunra_utils (0.0.8) from /usr/local/lib/ruby/gems/2.1.0/specifications/sunra_utils-0.0.8.gemspec
I, [2014-10-15T11:11:44.315092 #23564]  INFO -- : 0:  timecop (0.7.1) from /usr/local/lib/ruby/gems/2.1.0/specifications/timecop-0.7.1.gemspec
I, [2014-10-15T11:11:44.315224 #23564]  INFO -- : 0:  bundler (1.5.1) from /usr/local/lib/ruby/gems/2.1.0/specifications/bundler-1.5.1.gemspec
